--- PRE-GAME ---
width: 280; height: 150; players: 2; planets: 14
--- TURN 1 ---
Ship Attack: 0 4 1
--- TURN 2 ---
Ship Attack: 0 4 1
--- TURN 3 ---
Ship Attack: 0 4 1
Docking: 1 4
--- TURN 4 ---
Ship Attack: 0 4 1
Attacking Planet: 2 3
Ship Attack: 2 3 1
--- TURN 5 ---
Ship Attack: 0 4 1
--- TURN 6 ---
Ship Attack: 0 4 1
Docking: 2 2
--- TURN 7 ---
Ship Attack: 0 4 1
--- TURN 8 ---
Ship Attack: 0 4 1
--- TURN 9 ---
Ship Attack: 0 4 1
--- TURN 10 ---
Ship Attack: 0 4 1
--- TURN 11 ---
Ship Attack: 0 4 1
--- TURN 12 ---
Ship Attack: 0 4 1
--- TURN 13 ---
Ship Attack: 0 3 1
--- TURN 14 ---
Ship Attack: 0 3 1
--- TURN 15 ---
Ship Attack: 0 3 1
--- TURN 16 ---
Ship Attack: 0 3 1
--- TURN 17 ---
Ship Attack: 0 3 1
--- TURN 18 ---
Ship Attack: 0 5 1
--- TURN 19 ---
Ship Attack: 0 5 1
--- TURN 20 ---
Ship Attack: 0 5 1
Docking: 6 4
--- TURN 21 ---
Ship Attack: 0 5 1
--- TURN 22 ---
Ship Attack: 0 5 1
--- TURN 23 ---
Ship Attack: 0 5 1
Docking: 8 2
--- TURN 24 ---
Ship Attack: 0 5 1
--- TURN 25 ---
Ship Attack: 0 7 1
--- TURN 26 ---
Ship Attack: 0 7 1
--- TURN 27 ---
Ship Attack: 0 7 1
--- TURN 28 ---
Ship Attack: 0 7 1
--- TURN 29 ---
