--- PRE-GAME ---
width: 240; height: 160; players: 2; planets: 14
--- TURN 1 ---
Target: 0 4
Target: 1 4
Target: 2 4
--- TURN 2 ---
Target: 0 4
Target: 1 4
Target: 2 4
--- TURN 3 ---
Docking: 2 4
--- TURN 4 ---
--- TURN 5 ---
--- TURN 6 ---
--- TURN 7 ---
--- TURN 8 ---
--- TURN 9 ---
--- TURN 10 ---
--- TURN 11 ---
--- TURN 12 ---
--- TURN 13 ---
--- TURN 14 ---
--- TURN 15 ---
--- TURN 16 ---
--- TURN 17 ---
--- TURN 18 ---
--- TURN 19 ---
--- TURN 20 ---
Docking: 6 4
--- TURN 21 ---
--- TURN 22 ---
--- TURN 23 ---
--- TURN 24 ---
--- TURN 25 ---
--- TURN 26 ---
--- TURN 27 ---
--- TURN 28 ---
--- TURN 29 ---
Docking: 8 4
--- TURN 30 ---
--- TURN 31 ---
--- TURN 32 ---
--- TURN 33 ---
--- TURN 34 ---
--- TURN 35 ---
Docking: 10 4
--- TURN 36 ---
--- TURN 37 ---
--- TURN 38 ---
--- TURN 39 ---
Target: 12 10
--- TURN 40 ---
Target: 12 10
--- TURN 41 ---
Target: 12 10
--- TURN 42 ---
Target: 12 10
Target: 14 10
--- TURN 43 ---
Target: 12 10
Target: 14 10
--- TURN 44 ---
Target: 12 10
Target: 14 10
--- TURN 45 ---
Docking: 12 10
Target: 14 10
--- TURN 46 ---
Target: 14 10
--- TURN 47 ---
Target: 14 10
--- TURN 48 ---
Docking: 14 10
Target: 18 10
--- TURN 49 ---
Target: 16 5
Target: 18 1
--- TURN 50 ---
Target: 16 5
Target: 18 1
--- TURN 51 ---
Target: 16 5
Target: 18 1
Target: 20 5
--- TURN 52 ---
Target: 16 5
Target: 18 1
Target: 20 5
--- TURN 53 ---
Target: 16 5
Target: 18 1
Target: 20 5
--- TURN 54 ---
Target: 16 5
Target: 18 1
Target: 20 5
Target: 22 5
--- TURN 55 ---
Target: 16 5
Target: 18 1
Target: 20 5
Target: 22 5
--- TURN 56 ---
Docking: 16 5
Docking: 18 1
Target: 20 5
Target: 22 5
--- TURN 57 ---
Target: 20 5
Target: 22 5
Target: 24 5
--- TURN 58 ---
Docking: 20 5
Target: 22 5
Target: 24 5
Target: 26 1
--- TURN 59 ---
Target: 22 5
Target: 24 5
Target: 26 1
--- TURN 60 ---
Target: 22 5
Target: 24 5
Target: 26 1
Target: 28 5
--- TURN 61 ---
Docking: 22 5
Target: 24 5
Docking: 26 1
Target: 28 5
--- TURN 62 ---
Target: 24 5
Target: 28 5
--- TURN 63 ---
Target: 24 5
Target: 28 5
Target: 30 5
--- TURN 64 ---
Docking: 24 5
Target: 28 5
Target: 30 5
Target: 32 1
--- TURN 65 ---
Target: 28 2
Target: 30 2
Target: 32 1
--- TURN 66 ---
Target: 28 2
Target: 30 2
Target: 32 1
Target: 34 1
--- TURN 67 ---
Target: 28 2
Target: 30 2
Docking: 32 1
Target: 34 1
--- TURN 68 ---
Target: 28 2
Target: 30 2
Target: 34 2
Target: 36 11
--- TURN 69 ---
Target: 28 2
Target: 30 2
Target: 34 2
Target: 36 11
Target: 38 9
--- TURN 70 ---
Target: 28 2
Target: 30 2
Target: 34 2
Target: 36 11
Target: 38 9
Target: 40 0
Target: 42 9
--- TURN 71 ---
Docking: 28 2
Target: 30 2
Target: 34 2
Target: 36 11
Target: 38 2
Docking: 40 0
Target: 42 9
Target: 44 11
--- TURN 72 ---
Docking: 28 2
Docking: 30 2
Target: 34 2
Target: 36 11
Target: 38 2
Docking: 40 0
Target: 42 9
Target: 44 11
Target: 46 2
--- TURN 73 ---
Docking: 28 2
Docking: 30 2
Target: 34 2
Target: 36 11
Target: 38 2
Docking: 40 0
Target: 42 9
Target: 44 11
Target: 46 2
--- TURN 74 ---
Docking: 28 2
Docking: 30 2
Docking: 34 2
Docking: 36 11
Target: 38 2
Docking: 42 9
Target: 44 11
Target: 46 2
Target: 48 11
--- TURN 75 ---
Target: 38 9
Target: 44 11
Target: 46 9
Target: 48 11
Target: 50 9
Target: 52 9
--- TURN 76 ---
Target: 38 9
Target: 44 11
Target: 46 9
Target: 48 11
Target: 50 9
Target: 52 9
Ship Attack: 54 29 1
--- TURN 77 ---
Target: 38 9
Docking: 44 11
Target: 46 9
Target: 48 11
Target: 50 9
Target: 52 9
Target: 54 11
Ship Attack: 56 33 1
--- TURN 78 ---
Target: 38 9
Target: 46 9
Target: 48 9
Target: 50 9
Ship Attack: 52 29 1
Ship Attack: 54 29 1
Ship Attack: 56 55 1
Ship Attack: 58 55 1
--- TURN 79 ---
Target: 38 9
Target: 46 9
Target: 48 9
Target: 50 9
Ship Attack: 52 61 1
Ship Attack: 54 29 1
Ship Attack: 56 55 1
Ship Attack: 58 61 1
Ship Attack: 60 61 1
--- TURN 80 ---
Target: 38 9
Target: 46 9
Target: 48 9
Target: 50 9
Ship Attack: 52 55 1
Ship Attack: 54 29 1
Ship Attack: 56 55 1
Ship Attack: 58 55 1
Ship Attack: 62 55 1
--- TURN 81 ---
Target: 38 9
Target: 46 9
Target: 48 9
Target: 50 9
Ship Attack: 52 55 1
Ship Attack: 54 29 1
Ship Attack: 56 55 1
Ship Attack: 58 55 1
Ship Attack: 62 55 1
--- TURN 82 ---
Target: 38 9
Target: 46 9
Target: 48 9
Target: 50 9
Ship Attack: 52 55 1
Ship Attack: 54 29 1
Ship Attack: 56 55 1
Ship Attack: 58 55 1
Ship Attack: 62 55 1
Ship Attack: 64 55 1
Ship Attack: 66 57 1
--- TURN 83 ---
Docking: 38 9
Target: 46 9
Target: 48 2
Target: 50 9
Target: 52 2
Target: 54 2
Target: 56 9
Target: 58 9
Ship Attack: 62 55 1
Ship Attack: 64 55 1
Ship Attack: 66 57 1
Ship Attack: 68 69 1
Ship Attack: 70 55 1
--- TURN 84 ---
Docking: 46 9
Target: 48 2
Docking: 50 9
Target: 52 2
Target: 54 2
Target: 56 9
Target: 58 9
Target: 62 9
Target: 64 9
Ship Attack: 66 72 1
Ship Attack: 70 55 1
Ship Attack: 73 72 1
Ship Attack: 74 55 1
--- TURN 85 ---
Docking: 48 2
Target: 52 2
Target: 56 2
Target: 58 2
Ship Attack: 62 67 1
Ship Attack: 64 67 1
Ship Attack: 66 49 1
Ship Attack: 70 67 1
Ship Attack: 74 67 1
--- TURN 86 ---
Ship Attack: 52 67 1
Ship Attack: 56 67 1
Ship Attack: 58 67 1
Ship Attack: 62 67 1
Ship Attack: 64 67 1
Ship Attack: 66 49 1
Ship Attack: 70 67 1
Ship Attack: 74 67 1
Ship Attack: 76 67 1
--- TURN 87 ---
Ship Attack: 52 79 1
Ship Attack: 58 79 1
Ship Attack: 62 67 1
Ship Attack: 64 67 1
Ship Attack: 66 63 1
Ship Attack: 70 67 1
Ship Attack: 74 67 1
Ship Attack: 76 67 1
Ship Attack: 78 79 1
Ship Attack: 80 67 1
Ship Attack: 82 51 1
--- TURN 88 ---
Ship Attack: 52 53 1
Ship Attack: 58 53 1
Ship Attack: 62 67 1
Ship Attack: 64 67 1
Ship Attack: 66 63 1
Ship Attack: 70 67 1
Ship Attack: 74 67 1
Ship Attack: 76 67 1
Ship Attack: 80 67 1
Ship Attack: 82 51 1
Ship Attack: 84 63 1
--- TURN 89 ---
Ship Attack: 52 53 1
Ship Attack: 56 53 1
Ship Attack: 62 67 1
Ship Attack: 64 53 1
Ship Attack: 66 63 1
Ship Attack: 70 67 1
Ship Attack: 74 67 1
Ship Attack: 76 67 1
Ship Attack: 80 67 1
Ship Attack: 82 51 1
Ship Attack: 84 71 1
Ship Attack: 86 67 1
--- TURN 90 ---
Ship Attack: 52 53 1
Ship Attack: 56 53 1
Ship Attack: 58 88 1
Ship Attack: 62 85 1
Ship Attack: 64 53 1
Ship Attack: 70 85 1
Ship Attack: 74 53 1
Ship Attack: 76 85 1
Ship Attack: 80 53 1
Ship Attack: 82 91 1
Ship Attack: 84 71 1
Ship Attack: 86 85 1
Ship Attack: 89 53 1
Ship Attack: 93 83 1
--- TURN 91 ---
Ship Attack: 56 57 1
Ship Attack: 58 71 1
Ship Attack: 62 85 1
Ship Attack: 64 57 1
Ship Attack: 70 85 1
Ship Attack: 74 57 1
Ship Attack: 76 85 1
Ship Attack: 80 57 1
Ship Attack: 84 71 1
Ship Attack: 86 85 1
Ship Attack: 89 57 1
Ship Attack: 94 57 1
--- TURN 92 ---
Ship Attack: 58 77 1
Ship Attack: 64 88 1
Ship Attack: 74 88 1
Ship Attack: 76 85 1
Ship Attack: 80 88 1
Ship Attack: 84 77 1
Ship Attack: 86 85 1
Ship Attack: 89 95 1
Ship Attack: 94 88 1
Ship Attack: 96 85 1
--- TURN 93 ---
Ship Attack: 58 49 1
Ship Attack: 64 88 1
Ship Attack: 80 88 1
Ship Attack: 86 59 1
Ship Attack: 89 95 1
Ship Attack: 94 88 1
Ship Attack: 96 59 1
Ship Attack: 98 88 1
Ship Attack: 101 103 1
Ship Attack: 102 99 1
--- TURN 94 ---
Ship Attack: 58 49 1
Ship Attack: 64 104 1
Ship Attack: 74 104 1
Ship Attack: 80 104 1
Ship Attack: 86 59 1
Ship Attack: 90 59 1
Ship Attack: 96 59 1
Ship Attack: 98 104 1
Ship Attack: 101 103 1
Ship Attack: 102 99 1
Ship Attack: 105 65 1
Ship Attack: 106 104 1
--- TURN 95 ---
Ship Attack: 58 49 1
Ship Attack: 64 104 1
Ship Attack: 74 87 1
Ship Attack: 80 104 1
Ship Attack: 86 59 1
Ship Attack: 90 59 1
Ship Attack: 96 59 1
Ship Attack: 98 59 1
Ship Attack: 105 65 1
Ship Attack: 106 87 1
Ship Attack: 108 95 1
Ship Attack: 110 59 1
--- TURN 96 ---
Ship Attack: 58 49 1
Ship Attack: 64 104 1
Ship Attack: 74 87 1
Ship Attack: 80 104 1
Ship Attack: 86 59 1
Ship Attack: 90 59 1
Ship Attack: 96 59 1
Ship Attack: 98 59 1
Ship Attack: 105 65 1
Ship Attack: 106 87 1
Ship Attack: 108 109 1
Ship Attack: 110 59 1
Ship Attack: 112 59 1
Ship Attack: 115 45 1
--- TURN 97 ---
Ship Attack: 58 49 1
Ship Attack: 74 87 1
Ship Attack: 80 104 1
Ship Attack: 86 59 1
Ship Attack: 90 59 1
Ship Attack: 96 59 1
Ship Attack: 98 59 1
Ship Attack: 105 109 1
Ship Attack: 106 87 1
Ship Attack: 108 109 1
Ship Attack: 110 59 1
Ship Attack: 112 59 1
Ship Attack: 115 45 1
--- TURN 98 ---
Ship Attack: 74 87 1
Ship Attack: 80 104 1
Ship Attack: 86 75 1
Ship Attack: 90 75 1
Ship Attack: 96 75 1
Ship Attack: 98 109 1
Ship Attack: 105 109 1
Ship Attack: 106 87 1
Ship Attack: 108 109 1
Ship Attack: 110 75 1
Ship Attack: 112 75 1
Ship Attack: 115 45 1
Ship Attack: 117 109 1
Ship Attack: 118 75 1
--- TURN 99 ---
Ship Attack: 74 97 1
Ship Attack: 80 116 1
Ship Attack: 90 75 1
Ship Attack: 96 75 1
Ship Attack: 98 81 1
Ship Attack: 106 97 1
Ship Attack: 110 107 1
Ship Attack: 112 75 1
Ship Attack: 115 127 1
Ship Attack: 117 81 1
Ship Attack: 118 107 1
Ship Attack: 120 116 1
Ship Attack: 122 75 1
Ship Attack: 125 127 1
Ship Attack: 126 113 1
--- TURN 100 ---
Ship Attack: 74 97 1
Ship Attack: 80 116 1
Ship Attack: 90 75 1
Ship Attack: 96 75 1
Ship Attack: 98 81 1
Ship Attack: 106 97 1
Ship Attack: 110 107 1
Ship Attack: 112 75 1
Ship Attack: 117 81 1
Ship Attack: 118 107 1
Ship Attack: 120 116 1
Ship Attack: 122 75 1
Ship Attack: 125 45 1
Ship Attack: 128 97 1
--- TURN 101 ---
Ship Attack: 80 116 1
Ship Attack: 90 75 1
Ship Attack: 98 81 1
Ship Attack: 106 111 1
Ship Attack: 110 107 1
Ship Attack: 112 75 1
Ship Attack: 117 81 1
Ship Attack: 118 107 1
Ship Attack: 120 116 1
Ship Attack: 122 75 1
Ship Attack: 125 45 1
Ship Attack: 128 111 1
Ship Attack: 130 107 1
--- TURN 102 ---
Ship Attack: 80 132 1
Ship Attack: 90 75 1
Ship Attack: 98 81 1
Ship Attack: 106 111 1
Ship Attack: 110 107 1
Ship Attack: 112 75 1
Ship Attack: 118 107 1
Ship Attack: 120 132 1
Ship Attack: 122 75 1
Ship Attack: 125 45 1
Ship Attack: 128 111 1
Ship Attack: 130 107 1
Ship Attack: 133 81 1
Ship Attack: 134 75 1
Ship Attack: 137 45 1
--- TURN 103 ---
Ship Attack: 80 132 1
Ship Attack: 90 107 1
Ship Attack: 98 81 1
Ship Attack: 106 119 1
Ship Attack: 112 107 1
Ship Attack: 118 107 1
Ship Attack: 120 132 1
Ship Attack: 122 107 1
Ship Attack: 125 45 1
Ship Attack: 128 119 1
Ship Attack: 130 107 1
Ship Attack: 133 81 1
Ship Attack: 134 107 1
Ship Attack: 137 45 1
Ship Attack: 138 132 1
--- TURN 104 ---
Ship Attack: 90 129 1
Ship Attack: 98 139 1
Ship Attack: 112 139 1
Ship Attack: 118 129 1
Ship Attack: 122 139 1
Ship Attack: 125 45 1
Ship Attack: 128 119 1
Ship Attack: 130 129 1
Ship Attack: 134 139 1
Ship Attack: 137 45 1
Ship Attack: 138 100 1
Ship Attack: 140 123 1
--- TURN 105 ---
Ship Attack: 90 139 1
Ship Attack: 98 139 1
Ship Attack: 112 139 1
Ship Attack: 122 139 1
Ship Attack: 125 45 1
Ship Attack: 130 139 1
Ship Attack: 134 139 1
Ship Attack: 137 147 1
Ship Attack: 138 100 1
Ship Attack: 140 123 1
Ship Attack: 142 139 1
Ship Attack: 145 147 1
Ship Attack: 146 123 1
--- TURN 106 ---
Ship Attack: 90 33 1
Ship Attack: 98 100 1
Ship Attack: 112 148 1
Ship Attack: 122 148 1
Ship Attack: 125 147 1
Ship Attack: 130 33 1
Ship Attack: 134 148 1
Ship Attack: 137 147 1
Ship Attack: 140 123 1
Ship Attack: 142 148 1
Ship Attack: 145 147 1
Ship Attack: 146 123 1
Ship Attack: 149 114 1
Ship Attack: 150 92 1
--- TURN 107 ---
Ship Attack: 90 33 1
Ship Attack: 122 92 1
Ship Attack: 125 147 1
Ship Attack: 130 153 1
Ship Attack: 134 92 1
Ship Attack: 137 147 1
Ship Attack: 140 123 1
Ship Attack: 142 92 1
Ship Attack: 145 147 1
Ship Attack: 146 135 1
Ship Attack: 150 92 1
Ship Attack: 152 153 1
Ship Attack: 154 123 1
--- TURN 108 ---
Ship Attack: 90 33 1
Ship Attack: 122 92 1
Ship Attack: 125 45 1
Ship Attack: 134 92 1
Ship Attack: 137 45 1
Ship Attack: 140 123 1
Ship Attack: 142 92 1
Ship Attack: 145 45 1
Ship Attack: 150 92 1
Ship Attack: 154 123 1
Ship Attack: 159 45 1
--- TURN 109 ---
Target: 90 11
Target: 125 11
Ship Attack: 134 92 1
Ship Attack: 137 37 1
Ship Attack: 140 123 1
Ship Attack: 142 92 1
Ship Attack: 145 37 1
Ship Attack: 150 92 1
Ship Attack: 154 123 1
Ship Attack: 159 141 1
--- TURN 110 ---
Target: 130 11
Target: 134 11
Ship Attack: 137 37 1
Ship Attack: 140 135 1
Ship Attack: 142 160 1
Ship Attack: 145 37 1
Ship Attack: 150 160 1
Ship Attack: 154 135 1
Ship Attack: 159 141 1
Ship Attack: 161 160 1
Ship Attack: 162 135 1
--- TURN 111 ---
Attacking Planet: 122 0
Ship Attack: 122 165 1
Attacking Planet: 130 3
Ship Attack: 130 151 1
Attacking Planet: 134 0
Docking: 137 13
Target: 140 11
Attacking Planet: 142 0
Ship Attack: 142 165 1
Docking: 145 13
Attacking Planet: 150 0
Ship Attack: 150 165 1
Target: 154 11
Attacking Planet: 156 0
Ship Attack: 156 165 1
Target: 159 13
Attacking Planet: 162 0
Ship Attack: 162 135 1
Attacking Planet: 164 0
Ship Attack: 164 165 1
Attacking Planet: 166 0
Ship Attack: 166 165 1
Target: 169 13
--- TURN 112 ---
Target: 122 13
Target: 130 13
Ship Attack: 134 151 1
Ship Attack: 140 157 1
Ship Attack: 142 131 1
Ship Attack: 150 131 1
Ship Attack: 154 157 1
Ship Attack: 156 151 1
Ship Attack: 159 141 1
Ship Attack: 162 157 1
Ship Attack: 166 151 1
Ship Attack: 169 141 1
Ship Attack: 170 131 1
--- TURN 113 ---
Target: 122 13
Target: 130 13
Ship Attack: 134 151 1
Ship Attack: 142 131 1
Ship Attack: 150 131 1
Ship Attack: 154 143 1
Ship Attack: 156 151 1
Ship Attack: 159 163 1
Ship Attack: 162 143 1
Ship Attack: 166 151 1
Ship Attack: 169 163 1
Ship Attack: 170 131 1
Ship Attack: 172 143 1
--- TURN 114 ---
Target: 122 13
Target: 130 13
Ship Attack: 134 174 1
Ship Attack: 142 174 1
Ship Attack: 150 49 1
Ship Attack: 154 167 1
Ship Attack: 156 151 1
Ship Attack: 159 163 1
Ship Attack: 162 167 1
Ship Attack: 166 151 1
Ship Attack: 169 163 1
Ship Attack: 170 174 1
Ship Attack: 172 167 1
Ship Attack: 175 174 1
Ship Attack: 176 151 1
Ship Attack: 179 163 1
--- TURN 115 ---
Target: 122 13
Target: 130 2
Target: 134 2
Target: 142 2
Target: 150 13
Ship Attack: 156 151 1
Ship Attack: 162 143 1
Ship Attack: 166 151 1
Ship Attack: 169 173 1
Ship Attack: 170 181 1
Ship Attack: 172 143 1
Ship Attack: 176 151 1
Ship Attack: 179 173 1
Ship Attack: 180 181 1
--- TURN 116 ---
Target: 122 13
Docking: 130 2
Docking: 134 2
Target: 142 2
Target: 150 2
Target: 156 2
Target: 162 13
Ship Attack: 166 151 1
Ship Attack: 169 173 1
Ship Attack: 170 181 1
Ship Attack: 172 143 1
Ship Attack: 176 151 1
Ship Attack: 179 173 1
Ship Attack: 180 181 1
Ship Attack: 182 151 1
--- TURN 117 ---
Target: 122 13
Target: 134 13
Ship Attack: 142 151 1
Ship Attack: 150 31 1
Ship Attack: 156 151 1
Ship Attack: 162 177 1
Ship Attack: 166 151 1
Ship Attack: 169 173 1
Ship Attack: 170 35 1
Ship Attack: 172 177 1
Ship Attack: 176 151 1
Ship Attack: 179 173 1
Ship Attack: 180 131 1
Ship Attack: 182 151 1
Ship Attack: 184 151 1
Ship Attack: 187 173 1
--- TURN 118 ---
Target: 122 13
Target: 134 13
Ship Attack: 142 171 1
Ship Attack: 150 31 1
Ship Attack: 156 151 1
Ship Attack: 166 151 1
Ship Attack: 170 31 1
Ship Attack: 172 143 1
Ship Attack: 176 151 1
Ship Attack: 179 183 1
Ship Attack: 182 151 1
Ship Attack: 184 151 1
Ship Attack: 187 183 1
Ship Attack: 188 31 1
--- TURN 119 ---
Docking: 122 13
Target: 134 13
Target: 150 13
Ship Attack: 156 151 1
Ship Attack: 166 151 1
Ship Attack: 170 31 1
Ship Attack: 172 143 1
Ship Attack: 176 151 1
Ship Attack: 179 183 1
Ship Attack: 180 191 1
Ship Attack: 182 151 1
Ship Attack: 184 151 1
Ship Attack: 187 183 1
Ship Attack: 188 191 1
Ship Attack: 190 191 1
Ship Attack: 192 151 1
--- TURN 120 ---
Ship Attack: 150 158 1
Ship Attack: 156 151 1
Ship Attack: 166 151 1
Ship Attack: 170 158 1
Ship Attack: 172 185 1
Ship Attack: 176 151 1
Ship Attack: 180 194 1
Ship Attack: 182 151 1
Ship Attack: 184 151 1
Ship Attack: 187 193 1
Ship Attack: 188 194 1
Ship Attack: 192 151 1
Ship Attack: 195 194 1
Ship Attack: 196 151 1
Ship Attack: 199 194 1
--- TURN 121 ---
Ship Attack: 150 158 1
Ship Attack: 156 151 1
Ship Attack: 166 151 1
Ship Attack: 170 158 1
Ship Attack: 176 151 1
Ship Attack: 180 194 1
Ship Attack: 182 151 1
Ship Attack: 184 151 1
Ship Attack: 187 193 1
Ship Attack: 188 194 1
Ship Attack: 192 151 1
Ship Attack: 195 194 1
Ship Attack: 196 151 1
Ship Attack: 199 193 1
--- TURN 122 ---
Ship Attack: 150 178 1
Ship Attack: 156 151 1
Ship Attack: 166 189 1
Ship Attack: 170 178 1
Ship Attack: 176 151 1
Ship Attack: 180 168 1
Ship Attack: 182 151 1
Ship Attack: 184 151 1
Ship Attack: 187 193 1
Ship Attack: 188 168 1
Ship Attack: 192 151 1
Ship Attack: 195 189 1
Ship Attack: 196 151 1
Ship Attack: 199 193 1
Ship Attack: 200 151 1
--- TURN 123 ---
Ship Attack: 150 178 1
Ship Attack: 156 151 1
Ship Attack: 166 203 1
Ship Attack: 170 178 1
Ship Attack: 176 151 1
Ship Attack: 180 168 1
Ship Attack: 182 151 1
Ship Attack: 184 151 1
Ship Attack: 187 193 1
Ship Attack: 188 178 1
Ship Attack: 192 151 1
Ship Attack: 196 203 1
Ship Attack: 199 193 1
Ship Attack: 200 151 1
Ship Attack: 202 203 1
Ship Attack: 204 203 1
Ship Attack: 207 193 1
--- TURN 124 ---
Ship Attack: 150 35 1
Ship Attack: 156 197 1
Ship Attack: 166 203 1
Ship Attack: 170 35 1
Ship Attack: 176 197 1
Ship Attack: 180 168 1
Ship Attack: 182 197 1
Ship Attack: 184 197 1
Ship Attack: 188 35 1
Ship Attack: 192 197 1
Ship Attack: 196 203 1
Ship Attack: 199 201 1
Ship Attack: 200 151 1
Ship Attack: 202 203 1
Ship Attack: 204 203 1
Ship Attack: 207 201 1
Ship Attack: 208 203 1
Ship Attack: 209 203 1
--- TURN 125 ---
Ship Attack: 150 35 1
Ship Attack: 156 197 1
Ship Attack: 166 203 1
Ship Attack: 176 197 1
Ship Attack: 182 197 1
Ship Attack: 184 197 1
Ship Attack: 188 35 1
Ship Attack: 192 197 1
Ship Attack: 196 203 1
Ship Attack: 199 201 1
Ship Attack: 200 197 1
Ship Attack: 202 203 1
Ship Attack: 204 203 1
Ship Attack: 207 201 1
Ship Attack: 208 203 1
Ship Attack: 209 203 1
Ship Attack: 211 197 1
--- TURN 126 ---
Ship Attack: 150 186 1
Ship Attack: 156 151 1
Ship Attack: 166 168 1
Ship Attack: 176 205 1
Ship Attack: 182 151 1
Ship Attack: 184 151 1
Ship Attack: 188 186 1
Ship Attack: 192 205 1
Ship Attack: 196 168 1
Ship Attack: 200 151 1
Ship Attack: 204 168 1
Ship Attack: 207 212 1
Ship Attack: 209 168 1
Ship Attack: 211 151 1
Ship Attack: 213 151 1
Ship Attack: 216 212 1
Ship Attack: 217 212 1
--- TURN 127 ---
Ship Attack: 156 205 1
Ship Attack: 166 219 1
Ship Attack: 170 186 1
Ship Attack: 176 205 1
Ship Attack: 184 205 1
Ship Attack: 188 186 1
Ship Attack: 192 205 1
Ship Attack: 196 219 1
Ship Attack: 200 205 1
Ship Attack: 204 219 1
Ship Attack: 207 212 1
Ship Attack: 209 219 1
Ship Attack: 211 205 1
Ship Attack: 213 219 1
Ship Attack: 216 212 1
Ship Attack: 217 212 1
Ship Attack: 218 219 1
--- TURN 128 ---
Ship Attack: 156 144 1
Ship Attack: 166 220 1
Ship Attack: 170 198 1
Ship Attack: 176 214 1
Ship Attack: 184 214 1
Ship Attack: 188 198 1
Ship Attack: 192 214 1
Ship Attack: 196 220 1
Ship Attack: 200 144 1
Ship Attack: 204 220 1
Ship Attack: 207 212 1
Ship Attack: 209 220 1
Ship Attack: 211 224 1
Ship Attack: 213 220 1
Ship Attack: 216 212 1
Ship Attack: 217 212 1
Ship Attack: 221 220 1
Ship Attack: 222 224 1
--- TURN 129 ---
Ship Attack: 150 198 1
Ship Attack: 156 224 1
Ship Attack: 170 198 1
Ship Attack: 184 214 1
Ship Attack: 188 198 1
Ship Attack: 196 210 1
Ship Attack: 200 224 1
Ship Attack: 204 210 1
Ship Attack: 207 212 1
Ship Attack: 209 168 1
Ship Attack: 211 224 1
Ship Attack: 213 210 1
Ship Attack: 216 212 1
Ship Attack: 217 212 1
Ship Attack: 221 210 1
Ship Attack: 222 224 1
Ship Attack: 225 210 1
Ship Attack: 228 212 1
--- TURN 130 ---
Ship Attack: 150 206 1
Ship Attack: 156 144 1
Ship Attack: 184 214 1
Ship Attack: 188 206 1
Ship Attack: 196 210 1
Ship Attack: 200 224 1
Ship Attack: 204 210 1
Ship Attack: 207 223 1
Ship Attack: 211 224 1
Ship Attack: 213 210 1
Ship Attack: 216 223 1
Ship Attack: 217 223 1
Ship Attack: 221 210 1
Ship Attack: 222 224 1
Ship Attack: 225 210 1
Ship Attack: 228 223 1
Ship Attack: 229 210 1
--- TURN 131 ---
Ship Attack: 184 226 1
Ship Attack: 188 206 1
Ship Attack: 196 232 1
Ship Attack: 200 144 1
Ship Attack: 204 232 1
Ship Attack: 211 144 1
Ship Attack: 213 232 1
Ship Attack: 216 234 1
Ship Attack: 217 234 1
Ship Attack: 221 232 1
Ship Attack: 222 144 1
Ship Attack: 225 232 1
Ship Attack: 228 206 1
Ship Attack: 229 210 1
Ship Attack: 231 232 1
Ship Attack: 233 144 1
--- TURN 132 ---
Ship Attack: 150 168 1
Ship Attack: 184 226 1
Ship Attack: 196 232 1
Ship Attack: 200 144 1
Ship Attack: 204 232 1
Ship Attack: 211 144 1
Ship Attack: 213 232 1
Ship Attack: 216 234 1
Ship Attack: 217 234 1
Ship Attack: 221 232 1
Ship Attack: 222 144 1
Ship Attack: 225 232 1
Ship Attack: 228 234 1
Ship Attack: 229 210 1
Ship Attack: 231 232 1
Ship Attack: 233 144 1
Ship Attack: 235 232 1
Ship Attack: 239 234 1
Ship Attack: 240 234 1
--- TURN 133 ---
Ship Attack: 150 168 1
Ship Attack: 196 210 1
Ship Attack: 200 226 1
Ship Attack: 204 210 1
Ship Attack: 211 143 1
Ship Attack: 213 210 1
Ship Attack: 216 234 1
Ship Attack: 217 234 1
Ship Attack: 221 210 1
Ship Attack: 222 143 1
Ship Attack: 225 210 1
Ship Attack: 228 234 1
Ship Attack: 229 210 1
Ship Attack: 231 210 1
Ship Attack: 233 226 1
Ship Attack: 235 210 1
Ship Attack: 239 234 1
Ship Attack: 240 234 1
--- TURN 134 ---
Target: 134 0
Attacking Planet: 200 11
Ship Attack: 200 226 1
Target: 204 0
Docking: 209 0
Attacking Planet: 211 11
Ship Attack: 211 143 1
Target: 213 0
Attacking Planet: 216 8
Ship Attack: 216 234 1
Attacking Planet: 221 3
Ship Attack: 221 230 1
Attacking Planet: 222 11
Ship Attack: 222 143 1
Ship Attack: 225 230 1
Ship Attack: 228 234 1
Ship Attack: 229 215 1
Attacking Planet: 231 3
Ship Attack: 231 230 1
Attacking Planet: 233 11
Ship Attack: 233 226 1
Ship Attack: 239 234 1
Attacking Planet: 240 8
Ship Attack: 240 234 1
Attacking Planet: 241 11
Ship Attack: 241 226 1
--- TURN 135 ---
Target: 134 0
Attacking Planet: 200 11
Ship Attack: 200 237 1
Docking: 204 0
Docking: 209 0
Attacking Planet: 211 11
Ship Attack: 211 237 1
Target: 213 0
Attacking Planet: 216 8
Ship Attack: 216 242 1
Attacking Planet: 221 3
Attacking Planet: 222 11
Ship Attack: 222 237 1
Target: 225 0
Attacking Planet: 228 8
Ship Attack: 228 242 1
Target: 229 0
Attacking Planet: 231 3
Ship Attack: 231 244 1
Attacking Planet: 233 11
Ship Attack: 233 237 1
Ship Attack: 236 244 1
Ship Attack: 239 242 1
Attacking Planet: 240 8
Ship Attack: 240 242 1
Attacking Planet: 241 11
Ship Attack: 241 143 1
Ship Attack: 243 244 1
Ship Attack: 245 244 1
Ship Attack: 248 242 1
--- TURN 136 ---
Target: 134 0
Attacking Planet: 200 11
Ship Attack: 200 246 1
Docking: 204 0
Docking: 209 0
Attacking Planet: 211 11
Ship Attack: 211 246 1
Target: 213 0
Attacking Planet: 216 8
Ship Attack: 216 242 1
Attacking Planet: 221 3
Target: 225 0
Attacking Planet: 228 8
Ship Attack: 228 242 1
Target: 229 0
Attacking Planet: 231 3
Ship Attack: 231 244 1
Attacking Planet: 233 11
Ship Attack: 233 143 1
Ship Attack: 236 230 1
Ship Attack: 239 242 1
Attacking Planet: 240 8
Ship Attack: 240 242 1
Attacking Planet: 241 11
Ship Attack: 241 143 1
Attacking Planet: 243 3
Ship Attack: 243 244 1
Ship Attack: 245 230 1
Ship Attack: 248 242 1
Attacking Planet: 249 3
Ship Attack: 249 230 1
Ship Attack: 250 244 1
--- TURN 137 ---
Target: 134 0
Target: 200 0
Target: 211 0
Ship Attack: 213 230 1
Ship Attack: 225 230 1
Ship Attack: 228 253 1
Ship Attack: 229 227 1
Ship Attack: 231 230 1
Ship Attack: 233 254 1
Ship Attack: 236 230 1
Ship Attack: 239 253 1
Ship Attack: 240 253 1
Ship Attack: 241 254 1
Ship Attack: 243 230 1
Ship Attack: 245 230 1
Ship Attack: 248 227 1
Ship Attack: 249 230 1
Ship Attack: 250 230 1
Ship Attack: 252 254 1
--- TURN 138 ---
Docking: 134 0
Target: 200 0
Target: 211 0
Target: 213 0
Ship Attack: 221 227 1
Ship Attack: 225 227 1
Ship Attack: 228 25 1
Ship Attack: 229 227 1
Ship Attack: 231 19 1
Ship Attack: 233 254 1
Ship Attack: 236 251 1
Ship Attack: 239 25 1
Ship Attack: 241 254 1
Ship Attack: 243 227 1
Ship Attack: 245 227 1
Ship Attack: 248 227 1
Ship Attack: 249 33 1
Ship Attack: 250 227 1
Ship Attack: 252 254 1
Ship Attack: 258 227 1
Ship Attack: 259 25 1
--- TURN 139 ---
Ship Attack: 200 256 1
Ship Attack: 211 256 1
Ship Attack: 213 261 1
Ship Attack: 221 227 1
Ship Attack: 225 261 1
Ship Attack: 228 25 1
Ship Attack: 229 261 1
Ship Attack: 231 261 1
Ship Attack: 233 254 1
Ship Attack: 236 261 1
Ship Attack: 239 25 1
Ship Attack: 241 254 1
Ship Attack: 243 261 1
Ship Attack: 245 261 1
Ship Attack: 248 261 1
Ship Attack: 249 261 1
Ship Attack: 250 261 1
Ship Attack: 252 254 1
Ship Attack: 258 261 1
Ship Attack: 259 25 1
Ship Attack: 260 261 1
--- TURN 140 ---
Ship Attack: 200 51 1
Ship Attack: 221 227 1
Ship Attack: 228 25 1
Ship Attack: 229 19 1
Ship Attack: 233 143 1
Ship Attack: 236 251 1
Ship Attack: 239 264 1
Ship Attack: 241 143 1
Ship Attack: 245 251 1
Ship Attack: 248 264 1
Ship Attack: 250 251 1
Ship Attack: 252 143 1
Ship Attack: 255 251 1
Ship Attack: 258 264 1
Ship Attack: 259 264 1
Ship Attack: 260 251 1
Ship Attack: 262 251 1
Ship Attack: 263 143 1
--- TURN 141 ---
Ship Attack: 200 266 1
Ship Attack: 221 19 1
Ship Attack: 225 19 1
Ship Attack: 228 25 1
Ship Attack: 229 19 1
Ship Attack: 236 33 1
Ship Attack: 239 264 1
Ship Attack: 245 33 1
Ship Attack: 248 264 1
Ship Attack: 249 19 1
Ship Attack: 250 19 1
Ship Attack: 252 143 1
Ship Attack: 255 33 1
Ship Attack: 258 264 1
Ship Attack: 259 264 1
Ship Attack: 260 33 1
Ship Attack: 263 143 1
Ship Attack: 268 264 1
--- TURN 142 ---
Ship Attack: 221 19 1
Ship Attack: 225 19 1
Ship Attack: 228 25 1
Ship Attack: 229 19 1
Ship Attack: 236 33 1
Ship Attack: 239 264 1
Ship Attack: 245 19 1
Ship Attack: 248 264 1
Ship Attack: 249 19 1
Ship Attack: 250 247 1
Ship Attack: 252 143 1
Ship Attack: 255 33 1
Ship Attack: 258 264 1
Ship Attack: 259 264 1
Ship Attack: 260 19 1
Ship Attack: 263 143 1
Ship Attack: 268 264 1
Ship Attack: 269 19 1
--- TURN 143 ---
Ship Attack: 213 272 1
Ship Attack: 228 25 1
Ship Attack: 229 247 1
Ship Attack: 236 272 1
Ship Attack: 239 274 1
Ship Attack: 245 272 1
Ship Attack: 248 274 1
Ship Attack: 249 247 1
Ship Attack: 250 247 1
Ship Attack: 252 143 1
Ship Attack: 255 272 1
Ship Attack: 258 274 1
Ship Attack: 259 274 1
Ship Attack: 260 272 1
Ship Attack: 263 143 1
Ship Attack: 268 274 1
Ship Attack: 269 272 1
Ship Attack: 271 272 1
Ship Attack: 273 143 1
--- TURN 144 ---
Ship Attack: 213 272 1
Ship Attack: 228 25 1
Ship Attack: 236 272 1
Ship Attack: 239 274 1
Ship Attack: 245 272 1
Ship Attack: 248 274 1
Ship Attack: 249 270 1
Ship Attack: 250 270 1
Ship Attack: 252 143 1
Ship Attack: 255 272 1
Ship Attack: 258 274 1
Ship Attack: 259 274 1
Ship Attack: 260 272 1
Ship Attack: 263 143 1
Ship Attack: 265 272 1
Ship Attack: 268 274 1
Ship Attack: 269 272 1
Ship Attack: 271 272 1
Ship Attack: 273 143 1
Ship Attack: 275 272 1
Ship Attack: 276 272 1
Ship Attack: 279 272 1
Ship Attack: 280 274 1
--- TURN 145 ---
Ship Attack: 213 238 1
Ship Attack: 225 27 1
Ship Attack: 228 25 1
Ship Attack: 239 274 1
Ship Attack: 245 238 1
Ship Attack: 248 274 1
Ship Attack: 250 27 1
Ship Attack: 252 143 1
Ship Attack: 255 227 1
Ship Attack: 258 274 1
Ship Attack: 259 274 1
Ship Attack: 260 238 1
Ship Attack: 263 143 1
Ship Attack: 268 274 1
Ship Attack: 269 238 1
Ship Attack: 271 238 1
Ship Attack: 273 266 1
Ship Attack: 275 227 1
Ship Attack: 276 227 1
Ship Attack: 279 274 1
Ship Attack: 280 274 1
--- TURN 146 ---
Ship Attack: 213 27 1
Ship Attack: 225 264 1
Ship Attack: 228 25 1
Ship Attack: 236 227 1
Ship Attack: 239 283 1
Ship Attack: 245 238 1
Ship Attack: 248 283 1
Ship Attack: 250 27 1
Ship Attack: 252 143 1
Ship Attack: 255 227 1
Ship Attack: 258 283 1
Ship Attack: 259 283 1
Ship Attack: 260 27 1
Ship Attack: 263 143 1
Ship Attack: 268 283 1
Ship Attack: 269 264 1
Ship Attack: 273 266 1
Ship Attack: 276 227 1
Ship Attack: 279 283 1
Ship Attack: 280 283 1
Ship Attack: 281 238 1
Ship Attack: 282 266 1
--- TURN 147 ---
Ship Attack: 213 27 1
Ship Attack: 225 257 1
Ship Attack: 228 25 1
Ship Attack: 236 227 1
Ship Attack: 239 25 1
Ship Attack: 245 257 1
Ship Attack: 248 264 1
Ship Attack: 250 27 1
Ship Attack: 252 143 1
Ship Attack: 255 227 1
Ship Attack: 259 25 1
Ship Attack: 260 27 1
Ship Attack: 263 143 1
Ship Attack: 268 264 1
Ship Attack: 269 257 1
Ship Attack: 271 27 1
Ship Attack: 273 266 1
Ship Attack: 276 227 1
Ship Attack: 279 264 1
Ship Attack: 280 264 1
Ship Attack: 281 27 1
Ship Attack: 282 143 1
Ship Attack: 288 264 1
--- TURN 148 ---
Attacking Planet: 213 3
Ship Attack: 213 27 1
Attacking Planet: 225 3
Ship Attack: 225 257 1
Attacking Planet: 228 8
Ship Attack: 228 23 1
Attacking Planet: 236 3
Ship Attack: 236 27 1
Attacking Planet: 239 8
Ship Attack: 239 23 1
Attacking Planet: 245 3
Ship Attack: 245 257 1
Attacking Planet: 248 8
Ship Attack: 248 267 1
Attacking Planet: 250 3
Ship Attack: 250 27 1
Docking: 252 11
Attacking Planet: 255 3
Ship Attack: 255 227 1
Attacking Planet: 258 8
Ship Attack: 258 23 1
Attacking Planet: 259 8
Attacking Planet: 260 3
Ship Attack: 260 27 1
Docking: 263 11
Attacking Planet: 265 3
Attacking Planet: 268 8
Ship Attack: 268 267 1
Attacking Planet: 269 3
Ship Attack: 269 257 1
Attacking Planet: 271 3
Ship Attack: 271 27 1
Target: 273 11
Attacking Planet: 275 3
Ship Attack: 275 227 1
Attacking Planet: 276 3
Ship Attack: 276 227 1
Attacking Planet: 279 8
Ship Attack: 279 267 1
Attacking Planet: 280 8
Ship Attack: 280 23 1
Attacking Planet: 281 3
Ship Attack: 281 27 1
Target: 282 11
Attacking Planet: 284 3
Attacking Planet: 285 3
Ship Attack: 285 227 1
Attacking Planet: 288 3
Ship Attack: 288 267 1
Attacking Planet: 289 3
Ship Attack: 289 227 1
Attacking Planet: 290 3
Ship Attack: 290 227 1
--- TURN 149 ---
Attacking Planet: 213 3
Ship Attack: 213 33 1
Attacking Planet: 236 3
Attacking Planet: 239 8
Ship Attack: 239 267 1
Attacking Planet: 245 3
Ship Attack: 245 292 1
Attacking Planet: 248 8
Ship Attack: 248 267 1
Attacking Planet: 250 3
Ship Attack: 250 33 1
Docking: 252 11
Attacking Planet: 255 3
Ship Attack: 255 292 1
Attacking Planet: 258 8
Attacking Planet: 259 8
Ship Attack: 259 267 1
Attacking Planet: 260 3
Ship Attack: 260 33 1
Docking: 263 11
Attacking Planet: 265 3
Attacking Planet: 268 8
Ship Attack: 268 267 1
Attacking Planet: 269 3
Ship Attack: 269 292 1
Attacking Planet: 271 3
Ship Attack: 271 33 1
Docking: 273 11
Attacking Planet: 275 3
Ship Attack: 275 292 1
Attacking Planet: 276 3
Ship Attack: 276 292 1
Attacking Planet: 279 8
Ship Attack: 279 267 1
Attacking Planet: 280 8
Ship Attack: 280 267 1
Attacking Planet: 281 3
Ship Attack: 281 33 1
Target: 282 11
Attacking Planet: 284 3
Ship Attack: 284 292 1
Attacking Planet: 285 3
Ship Attack: 285 292 1
Attacking Planet: 288 8
Ship Attack: 288 292 1
Attacking Planet: 289 3
Ship Attack: 289 292 1
Attacking Planet: 290 3
Ship Attack: 290 292 1
Target: 293 11
--- TURN 150 ---
Attacking Planet: 213 3
Ship Attack: 213 291 1
Attacking Planet: 236 3
Attacking Planet: 239 8
Ship Attack: 239 267 1
Attacking Planet: 245 3
Ship Attack: 245 292 1
Attacking Planet: 248 8
Ship Attack: 248 267 1
Attacking Planet: 250 3
Ship Attack: 250 291 1
Docking: 252 11
Attacking Planet: 255 3
Ship Attack: 255 292 1
Attacking Planet: 258 8
Ship Attack: 258 298 1
Attacking Planet: 259 8
Ship Attack: 259 298 1
Attacking Planet: 260 3
Ship Attack: 260 291 1
Docking: 263 11
Attacking Planet: 265 3
Attacking Planet: 268 8
Ship Attack: 268 298 1
Attacking Planet: 269 3
Ship Attack: 269 292 1
Attacking Planet: 271 3
Ship Attack: 271 291 1
Docking: 273 11
Attacking Planet: 275 3
Ship Attack: 275 292 1
Attacking Planet: 276 3
Ship Attack: 276 292 1
Attacking Planet: 279 8
Ship Attack: 279 298 1
Attacking Planet: 280 8
Attacking Planet: 281 3
Ship Attack: 281 291 1
Target: 282 11
Attacking Planet: 284 3
Ship Attack: 284 292 1
Attacking Planet: 285 3
Ship Attack: 285 292 1
Attacking Planet: 288 3
Ship Attack: 288 292 1
Attacking Planet: 289 3
Ship Attack: 289 292 1
Attacking Planet: 290 3
Ship Attack: 290 292 1
Target: 293 11
Attacking Planet: 294 3
Ship Attack: 294 292 1
Attacking Planet: 295 3
Attacking Planet: 299 3
Ship Attack: 299 292 1
Attacking Planet: 300 8
Ship Attack: 300 298 1
--- TURN 151 ---
Attacking Planet: 236 3
Ship Attack: 236 238 1
Attacking Planet: 239 8
Ship Attack: 239 23 1
Attacking Planet: 245 3
Ship Attack: 245 238 1
Attacking Planet: 248 8
Ship Attack: 248 278 1
Attacking Planet: 250 3
Ship Attack: 250 238 1
Docking: 252 11
Attacking Planet: 255 3
Attacking Planet: 258 8
Ship Attack: 258 298 1
Attacking Planet: 259 8
Ship Attack: 259 298 1
Attacking Planet: 260 3
Ship Attack: 260 238 1
Docking: 263 11
Attacking Planet: 265 3
Attacking Planet: 268 8
Ship Attack: 268 298 1
Attacking Planet: 269 3
Ship Attack: 269 238 1
Attacking Planet: 271 3
Ship Attack: 271 238 1
Docking: 273 11
Attacking Planet: 275 3
Ship Attack: 275 238 1
Attacking Planet: 276 3
Ship Attack: 276 227 1
Attacking Planet: 279 8
Ship Attack: 279 298 1
Attacking Planet: 280 8
Target: 282 11
Attacking Planet: 284 3
Ship Attack: 284 227 1
Attacking Planet: 285 3
Ship Attack: 285 227 1
Attacking Planet: 288 3
Ship Attack: 288 298 1
Attacking Planet: 289 3
Ship Attack: 289 227 1
Attacking Planet: 290 3
Ship Attack: 290 227 1
Target: 293 11
Attacking Planet: 294 3
Ship Attack: 294 238 1
Attacking Planet: 295 3
Attacking Planet: 299 3
Ship Attack: 299 298 1
Attacking Planet: 300 8
Ship Attack: 300 298 1
Attacking Planet: 301 3
--- TURN 152 ---
Attacking Planet: 236 3
Ship Attack: 236 238 1
Attacking Planet: 239 8
Ship Attack: 239 278 1
Attacking Planet: 248 8
Ship Attack: 248 278 1
Attacking Planet: 250 3
Ship Attack: 250 238 1
Docking: 252 11
Attacking Planet: 255 3
Attacking Planet: 258 8
Attacking Planet: 259 8
Ship Attack: 259 278 1
Docking: 263 11
Attacking Planet: 265 3
Attacking Planet: 268 8
Ship Attack: 268 278 1
Attacking Planet: 269 3
Ship Attack: 269 238 1
Docking: 273 11
Attacking Planet: 276 3
Ship Attack: 276 227 1
Attacking Planet: 279 8
Ship Attack: 279 278 1
Attacking Planet: 280 8
Docking: 282 11
Attacking Planet: 285 3
Ship Attack: 285 227 1
Attacking Planet: 288 8
Ship Attack: 288 278 1
Attacking Planet: 290 3
Ship Attack: 290 238 1
Target: 293 11
Attacking Planet: 294 3
Ship Attack: 294 238 1
Attacking Planet: 295 3
Ship Attack: 295 227 1
Attacking Planet: 299 3
Ship Attack: 299 278 1
Attacking Planet: 300 8
Ship Attack: 300 278 1
Attacking Planet: 301 3
Attacking Planet: 302 3
Ship Attack: 302 227 1
Target: 303 11
--- TURN 153 ---
Attacking Planet: 236 3
Ship Attack: 236 227 1
Attacking Planet: 239 8
Ship Attack: 239 17 1
Attacking Planet: 248 8
Ship Attack: 248 287 1
Attacking Planet: 250 3
Ship Attack: 250 227 1
Docking: 252 11
Attacking Planet: 255 3
Attacking Planet: 258 8
Attacking Planet: 259 8
Ship Attack: 259 17 1
Docking: 263 11
Attacking Planet: 265 3
Attacking Planet: 268 8
Ship Attack: 268 287 1
Attacking Planet: 269 3
Ship Attack: 269 227 1
Docking: 273 11
Attacking Planet: 276 3
Ship Attack: 276 227 1
Attacking Planet: 279 8
Ship Attack: 279 17 1
Attacking Planet: 280 8
Ship Attack: 280 17 1
Docking: 282 11
Attacking Planet: 285 3
Ship Attack: 285 227 1
Attacking Planet: 288 8
Ship Attack: 288 287 1
Attacking Planet: 290 3
Ship Attack: 290 227 1
Target: 293 11
Attacking Planet: 294 3
Ship Attack: 294 227 1
Attacking Planet: 295 3
Ship Attack: 295 227 1
Attacking Planet: 299 8
Ship Attack: 299 287 1
Attacking Planet: 300 8
Ship Attack: 300 17 1
Attacking Planet: 301 3
Ship Attack: 301 227 1
Attacking Planet: 302 3
Ship Attack: 302 227 1
Target: 303 11
Attacking Planet: 304 3
Attacking Planet: 307 3
Ship Attack: 307 287 1
--- TURN 154 ---
Ship Attack: 236 227 1
Ship Attack: 250 227 1
Ship Attack: 269 227 1
Ship Attack: 276 227 1
Ship Attack: 282 296 1
Ship Attack: 285 227 1
Ship Attack: 288 287 1
Ship Attack: 290 227 1
Ship Attack: 293 296 1
Ship Attack: 294 227 1
Ship Attack: 295 227 1
Ship Attack: 299 287 1
Ship Attack: 300 287 1
Ship Attack: 301 227 1
Ship Attack: 302 227 1
Ship Attack: 303 296 1
Ship Attack: 307 287 1
Ship Attack: 308 227 1
Ship Attack: 309 227 1
--- TURN 155 ---
Docking: 236 3
Docking: 250 3
Attacking Planet: 252 6
Target: 255 3
Attacking Planet: 258 8
Target: 276 3
Attacking Planet: 279 8
Attacking Planet: 280 8
Attacking Planet: 282 6
Ship Attack: 282 296 1
Target: 285 3
Attacking Planet: 288 8
Ship Attack: 288 287 1
Ship Attack: 290 297 1
Attacking Planet: 293 6
Ship Attack: 293 296 1
Target: 294 3
Ship Attack: 295 296 1
Attacking Planet: 299 8
Ship Attack: 299 287 1
Attacking Planet: 300 8
Ship Attack: 300 287 1
Target: 301 3
Target: 302 3
Attacking Planet: 303 6
Ship Attack: 303 296 1
Ship Attack: 304 296 1
Attacking Planet: 307 8
Ship Attack: 307 287 1
Target: 308 3
Ship Attack: 309 297 1
Ship Attack: 312 296 1
--- TURN 156 ---
Target: 255 3
Target: 258 3
Target: 276 3
Ship Attack: 282 305 1
Ship Attack: 285 310 1
Ship Attack: 288 287 1
Ship Attack: 290 297 1
Ship Attack: 294 310 1
Ship Attack: 295 310 1
Ship Attack: 299 287 1
Ship Attack: 300 287 1
Ship Attack: 301 310 1
Ship Attack: 302 297 1
Ship Attack: 303 305 1
Ship Attack: 304 305 1
Ship Attack: 307 287 1
Ship Attack: 308 297 1
Ship Attack: 309 297 1
Ship Attack: 312 305 1
Ship Attack: 313 310 1
Ship Attack: 314 305 1
Ship Attack: 317 287 1
Ship Attack: 318 287 1
--- TURN 157 ---
Docking: 255 3
Target: 258 3
Target: 276 3
Target: 279 3
Ship Attack: 282 315 1
Ship Attack: 285 310 1
Ship Attack: 288 287 1
Ship Attack: 290 297 1
Ship Attack: 294 310 1
Ship Attack: 295 310 1
Ship Attack: 299 287 1
Ship Attack: 300 17 1
Ship Attack: 301 310 1
Ship Attack: 302 310 1
Ship Attack: 303 305 1
Ship Attack: 304 305 1
Ship Attack: 307 287 1
Ship Attack: 308 310 1
Ship Attack: 309 297 1
Ship Attack: 312 305 1
Ship Attack: 313 310 1
Ship Attack: 314 305 1
Ship Attack: 317 287 1
Ship Attack: 318 287 1
--- TURN 158 ---
Ship Attack: 258 321 1
Ship Attack: 269 305 1
Ship Attack: 276 297 1
Ship Attack: 279 321 1
Ship Attack: 285 297 1
Ship Attack: 288 321 1
Ship Attack: 290 297 1
Ship Attack: 294 13 1
Ship Attack: 295 305 1
Ship Attack: 299 321 1
Ship Attack: 300 17 1
Ship Attack: 301 297 1
Ship Attack: 302 297 1
Ship Attack: 303 305 1
Ship Attack: 304 305 1
Ship Attack: 307 321 1
Ship Attack: 308 297 1
Ship Attack: 309 297 1
Ship Attack: 311 297 1
Ship Attack: 312 305 1
Ship Attack: 313 297 1
Ship Attack: 314 305 1
Ship Attack: 317 321 1
Ship Attack: 318 321 1
Ship Attack: 320 305 1
--- TURN 159 ---
Ship Attack: 258 321 1
Ship Attack: 269 305 1
Ship Attack: 276 297 1
Ship Attack: 279 321 1
Ship Attack: 285 297 1
Ship Attack: 288 321 1
Ship Attack: 290 297 1
Ship Attack: 294 13 1
Ship Attack: 295 305 1
Ship Attack: 299 321 1
Ship Attack: 300 17 1
Ship Attack: 301 297 1
Ship Attack: 302 297 1
Ship Attack: 303 305 1
Ship Attack: 304 305 1
Ship Attack: 307 321 1
Ship Attack: 308 297 1
Ship Attack: 309 297 1
Ship Attack: 311 297 1
Ship Attack: 312 305 1
Ship Attack: 313 297 1
Ship Attack: 314 305 1
Ship Attack: 317 321 1
Ship Attack: 318 321 1
Ship Attack: 320 305 1
Ship Attack: 322 305 1
Ship Attack: 323 305 1
Ship Attack: 326 321 1
--- TURN 160 ---
Ship Attack: 258 306 1
Ship Attack: 269 305 1
Ship Attack: 276 297 1
Ship Attack: 279 306 1
Ship Attack: 280 17 1
Ship Attack: 285 297 1
Ship Attack: 288 306 1
Ship Attack: 290 297 1
Ship Attack: 294 13 1
Ship Attack: 295 305 1
Ship Attack: 299 306 1
Ship Attack: 300 17 1
Ship Attack: 301 297 1
Ship Attack: 302 297 1
Ship Attack: 303 324 1
Ship Attack: 304 305 1
Ship Attack: 307 306 1
Ship Attack: 308 297 1
Ship Attack: 309 297 1
Ship Attack: 311 297 1
Ship Attack: 312 305 1
Ship Attack: 313 297 1
Ship Attack: 314 305 1
Ship Attack: 317 297 1
Ship Attack: 318 306 1
Ship Attack: 319 305 1
Ship Attack: 320 305 1
Ship Attack: 322 305 1
Ship Attack: 323 305 1
Ship Attack: 326 297 1
Ship Attack: 327 305 1
Ship Attack: 328 305 1
--- TURN 161 ---
Ship Attack: 258 306 1
Ship Attack: 269 305 1
Ship Attack: 276 297 1
Ship Attack: 280 17 1
Ship Attack: 285 297 1
Ship Attack: 288 306 1
Ship Attack: 290 297 1
Ship Attack: 294 13 1
Ship Attack: 300 17 1
Ship Attack: 301 297 1
Ship Attack: 302 297 1
Ship Attack: 303 324 1
Ship Attack: 304 305 1
Ship Attack: 307 306 1
Ship Attack: 308 297 1
Ship Attack: 309 297 1
Ship Attack: 311 297 1
Ship Attack: 312 305 1
Ship Attack: 313 297 1
Ship Attack: 314 305 1
Ship Attack: 317 297 1
Ship Attack: 318 306 1
Ship Attack: 319 305 1
Ship Attack: 320 305 1
Ship Attack: 322 305 1
Ship Attack: 323 305 1
Ship Attack: 326 297 1
Ship Attack: 328 305 1
Ship Attack: 330 305 1
--- TURN 162 ---
Ship Attack: 258 306 1
Ship Attack: 269 324 1
Ship Attack: 276 297 1
Ship Attack: 280 306 1
Ship Attack: 285 297 1
Ship Attack: 288 306 1
Ship Attack: 290 297 1
Ship Attack: 294 13 1
Ship Attack: 295 324 1
Ship Attack: 300 306 1
Ship Attack: 302 297 1
Ship Attack: 303 324 1
Ship Attack: 304 324 1
Ship Attack: 308 297 1
Ship Attack: 309 297 1
Ship Attack: 311 297 1
Ship Attack: 312 324 1
Ship Attack: 314 324 1
Ship Attack: 317 297 1
Ship Attack: 318 306 1
Ship Attack: 319 329 1
Ship Attack: 320 324 1
Ship Attack: 323 324 1
Ship Attack: 326 297 1
Ship Attack: 327 324 1
Ship Attack: 328 297 1
Ship Attack: 330 324 1
Ship Attack: 331 329 1
Ship Attack: 332 324 1
Ship Attack: 335 297 1
Ship Attack: 336 297 1
--- TURN 163 ---
Attacking Planet: 252 6
Docking: 258 8
Attacking Planet: 265 12
Attacking Planet: 269 12
Ship Attack: 269 324 1
Docking: 280 8
Target: 285 8
Docking: 288 8
Target: 290 8
Attacking Planet: 295 12
Ship Attack: 295 324 1
Docking: 300 8
Attacking Planet: 303 12
Ship Attack: 303 333 1
Attacking Planet: 304 12
Ship Attack: 304 324 1
Docking: 307 8
Target: 308 8
Target: 309 8
Ship Attack: 311 297 1
Attacking Planet: 312 12
Ship Attack: 312 324 1
Attacking Planet: 314 12
Ship Attack: 314 324 1
Ship Attack: 317 297 1
Ship Attack: 318 297 1
Attacking Planet: 319 12
Ship Attack: 319 329 1
Attacking Planet: 320 12
Ship Attack: 320 333 1
Attacking Planet: 323 12
Ship Attack: 323 324 1
Ship Attack: 326 297 1
Attacking Planet: 327 12
Ship Attack: 327 324 1
Ship Attack: 328 297 1
Attacking Planet: 330 6
Ship Attack: 330 333 1
Attacking Planet: 331 12
Ship Attack: 331 329 1
Attacking Planet: 332 12
Ship Attack: 332 324 1
Ship Attack: 335 297 1
Ship Attack: 336 297 1
Attacking Planet: 337 12
--- TURN 164 ---
Target: 285 8
Target: 290 8
Docking: 300 8
Target: 303 8
Target: 304 8
Ship Attack: 308 297 1
Ship Attack: 309 297 1
Ship Attack: 311 297 1
Ship Attack: 312 333 1
Ship Attack: 314 333 1
Ship Attack: 317 297 1
Ship Attack: 318 316 1
Ship Attack: 319 329 1
Ship Attack: 320 333 1
Ship Attack: 323 333 1
Ship Attack: 326 297 1
Ship Attack: 327 329 1
Ship Attack: 328 297 1
Ship Attack: 330 333 1
Ship Attack: 331 329 1
Ship Attack: 332 333 1
Ship Attack: 335 297 1
Ship Attack: 336 297 1
Ship Attack: 338 329 1
Ship Attack: 339 333 1
Ship Attack: 340 333 1
--- TURN 165 ---
Ship Attack: 285 297 1
Ship Attack: 290 297 1
Ship Attack: 295 329 1
Ship Attack: 303 333 1
Ship Attack: 304 333 1
Ship Attack: 311 325 1
Ship Attack: 312 333 1
Ship Attack: 314 333 1
Ship Attack: 317 297 1
Ship Attack: 318 316 1
Ship Attack: 319 329 1
Ship Attack: 320 333 1
Ship Attack: 323 333 1
Ship Attack: 326 297 1
Ship Attack: 327 329 1
Ship Attack: 328 325 1
Ship Attack: 330 333 1
Ship Attack: 331 329 1
Ship Attack: 332 333 1
Ship Attack: 335 297 1
Ship Attack: 336 297 1
Ship Attack: 338 329 1
Ship Attack: 339 333 1
Ship Attack: 340 333 1
Ship Attack: 341 329 1
Ship Attack: 342 333 1
Ship Attack: 345 297 1
--- TURN 166 ---
Ship Attack: 285 325 1
Ship Attack: 295 348 1
Ship Attack: 303 343 1
Ship Attack: 304 348 1
Ship Attack: 311 325 1
Ship Attack: 312 343 1
Ship Attack: 314 343 1
Ship Attack: 318 316 1
Ship Attack: 319 348 1
Ship Attack: 320 343 1
Ship Attack: 323 343 1
Ship Attack: 326 325 1
Ship Attack: 327 348 1
Ship Attack: 328 325 1
Ship Attack: 330 343 1
Ship Attack: 331 348 1
Ship Attack: 332 343 1
Ship Attack: 335 325 1
Ship Attack: 336 325 1
Ship Attack: 338 348 1
Ship Attack: 339 343 1
Ship Attack: 340 343 1
Ship Attack: 341 348 1
Ship Attack: 342 343 1
Ship Attack: 345 325 1
Ship Attack: 346 348 1
Ship Attack: 347 325 1
--- TURN 167 ---
Ship Attack: 285 325 1
Ship Attack: 295 343 1
Ship Attack: 303 343 1
Ship Attack: 304 343 1
Ship Attack: 311 325 1
Ship Attack: 312 343 1
Ship Attack: 314 343 1
Ship Attack: 318 316 1
Ship Attack: 319 13 1
Ship Attack: 320 343 1
Ship Attack: 323 343 1
Ship Attack: 326 325 1
Ship Attack: 328 325 1
Ship Attack: 330 343 1
Ship Attack: 331 13 1
Ship Attack: 332 343 1
Ship Attack: 335 325 1
Ship Attack: 336 325 1
Ship Attack: 338 13 1
Ship Attack: 339 343 1
Ship Attack: 340 343 1
Ship Attack: 341 13 1
Ship Attack: 342 343 1
Ship Attack: 345 325 1
Ship Attack: 346 13 1
Ship Attack: 347 325 1
Ship Attack: 350 343 1
--- TURN 168 ---
Target: 285 8
Target: 303 8
Target: 304 8
Target: 311 8
Ship Attack: 312 353 1
Ship Attack: 314 353 1
Ship Attack: 318 316 1
Ship Attack: 319 13 1
Ship Attack: 320 353 1
Ship Attack: 323 353 1
Ship Attack: 326 334 1
Ship Attack: 328 334 1
Ship Attack: 330 353 1
Ship Attack: 331 13 1
Ship Attack: 332 353 1
Ship Attack: 335 334 1
Ship Attack: 336 334 1
Ship Attack: 338 13 1
Ship Attack: 339 353 1
Ship Attack: 340 353 1
Ship Attack: 341 13 1
Ship Attack: 342 353 1
Ship Attack: 345 334 1
Ship Attack: 346 13 1
Ship Attack: 347 334 1
Ship Attack: 349 13 1
Ship Attack: 350 353 1
Ship Attack: 351 13 1
Ship Attack: 352 353 1
Ship Attack: 355 334 1
Ship Attack: 356 316 1
--- TURN 169 ---
Target: 285 8
Target: 303 8
Target: 304 8
Target: 314 8
Ship Attack: 318 316 1
Ship Attack: 319 15 1
Ship Attack: 323 51 1
Ship Attack: 328 334 1
Ship Attack: 330 51 1
Ship Attack: 331 15 1
Ship Attack: 332 51 1
Ship Attack: 335 334 1
Ship Attack: 336 334 1
Ship Attack: 337 334 1
Ship Attack: 338 15 1
Ship Attack: 339 51 1
Ship Attack: 341 15 1
Ship Attack: 342 51 1
Ship Attack: 345 334 1
Ship Attack: 346 15 1
Ship Attack: 347 334 1
Ship Attack: 349 334 1
Ship Attack: 350 51 1
Ship Attack: 351 15 1
Ship Attack: 352 51 1
Ship Attack: 355 334 1
Ship Attack: 356 334 1
Ship Attack: 357 15 1
--- TURN 170 ---
Docking: 285 8
Target: 303 8
Target: 304 8
Target: 314 8
Docking: 318 8
Target: 319 8
Ship Attack: 323 51 1
Ship Attack: 328 334 1
Ship Attack: 330 51 1
Ship Attack: 332 51 1
Ship Attack: 335 334 1
Ship Attack: 336 344 1
Ship Attack: 337 334 1
Ship Attack: 338 15 1
Ship Attack: 339 51 1
Ship Attack: 342 51 1
Ship Attack: 345 334 1
Ship Attack: 347 334 1
Ship Attack: 350 51 1
Ship Attack: 351 334 1
Ship Attack: 352 51 1
Ship Attack: 355 334 1
Ship Attack: 356 334 1
Ship Attack: 357 334 1
Ship Attack: 359 51 1
Ship Attack: 360 51 1
--- TURN 171 ---
Attacking Planet: 252 6
Target: 295 12
Target: 303 12
Ship Attack: 304 334 1
Ship Attack: 314 51 1
Attacking Planet: 318 7
Ship Attack: 318 344 1
Attacking Planet: 319 7
Ship Attack: 319 354 1
Ship Attack: 323 363 1
Attacking Planet: 328 7
Ship Attack: 328 344 1
Attacking Planet: 330 6
Ship Attack: 330 51 1
Ship Attack: 331 354 1
Ship Attack: 332 363 1
Attacking Planet: 335 7
Ship Attack: 335 334 1
Attacking Planet: 336 7
Ship Attack: 336 344 1
Ship Attack: 337 334 1
Ship Attack: 338 354 1
Attacking Planet: 339 6
Ship Attack: 339 363 1
Ship Attack: 342 363 1
Ship Attack: 345 334 1
Ship Attack: 347 334 1
Ship Attack: 349 334 1
Attacking Planet: 350 6
Ship Attack: 350 363 1
Ship Attack: 351 334 1
Ship Attack: 352 363 1
Ship Attack: 355 334 1
Attacking Planet: 356 7
Ship Attack: 356 334 1
Ship Attack: 357 334 1
Attacking Planet: 359 6
Ship Attack: 359 363 1
Attacking Planet: 360 6
Ship Attack: 360 363 1
Ship Attack: 361 334 1
Ship Attack: 362 363 1
Ship Attack: 365 334 1
--- TURN 172 ---
Attacking Planet: 252 6
Docking: 303 12
Target: 304 12
Attacking Planet: 318 7
Ship Attack: 318 4 1
Target: 323 12
Attacking Planet: 328 7
Ship Attack: 328 4 1
Attacking Planet: 330 6
Ship Attack: 330 363 1
Ship Attack: 331 354 1
Ship Attack: 332 363 1
Attacking Planet: 335 7
Ship Attack: 335 4 1
Ship Attack: 337 354 1
Ship Attack: 338 354 1
Attacking Planet: 339 6
Ship Attack: 339 363 1
Ship Attack: 342 363 1
Ship Attack: 345 354 1
Ship Attack: 347 354 1
Ship Attack: 349 354 1
Attacking Planet: 350 6
Ship Attack: 350 363 1
Ship Attack: 351 354 1
Ship Attack: 352 363 1
Ship Attack: 355 354 1
Attacking Planet: 356 7
Ship Attack: 356 4 1
Ship Attack: 357 354 1
Ship Attack: 358 354 1
Attacking Planet: 359 6
Ship Attack: 359 363 1
Attacking Planet: 360 6
Ship Attack: 360 51 1
Ship Attack: 362 363 1
Ship Attack: 365 354 1
Ship Attack: 366 363 1
Ship Attack: 367 354 1
--- TURN 173 ---
Target: 304 12
Target: 318 12
Ship Attack: 323 363 1
Ship Attack: 328 4 1
Ship Attack: 330 51 1
Ship Attack: 332 363 1
Ship Attack: 335 364 1
Ship Attack: 337 364 1
Ship Attack: 338 364 1
Ship Attack: 339 51 1
Ship Attack: 342 363 1
Ship Attack: 345 364 1
Ship Attack: 347 364 1
Ship Attack: 349 364 1
Ship Attack: 350 51 1
Ship Attack: 351 364 1
Ship Attack: 352 363 1
Ship Attack: 355 364 1
Ship Attack: 356 4 1
Ship Attack: 357 364 1
Ship Attack: 358 363 1
Ship Attack: 359 51 1
Ship Attack: 360 51 1
Ship Attack: 362 363 1
Ship Attack: 365 364 1
Ship Attack: 366 363 1
Ship Attack: 367 363 1
Ship Attack: 368 363 1
Ship Attack: 369 51 1
Ship Attack: 370 4 1
--- TURN 174 ---
Target: 318 12
Target: 323 12
Ship Attack: 328 4 1
Ship Attack: 332 363 1
Ship Attack: 335 364 1
Ship Attack: 337 364 1
Ship Attack: 338 364 1
Ship Attack: 339 363 1
Ship Attack: 342 363 1
Ship Attack: 345 364 1
Ship Attack: 347 364 1
Ship Attack: 349 364 1
Ship Attack: 350 363 1
Ship Attack: 351 364 1
Ship Attack: 352 363 1
Ship Attack: 355 364 1
Ship Attack: 356 4 1
Ship Attack: 357 364 1
Ship Attack: 359 363 1
Ship Attack: 360 373 1
Ship Attack: 362 363 1
Ship Attack: 365 364 1
Ship Attack: 366 363 1
Ship Attack: 367 364 1
Ship Attack: 368 364 1
Ship Attack: 369 363 1
Ship Attack: 370 374 1
Ship Attack: 371 363 1
Ship Attack: 372 363 1
Ship Attack: 375 364 1
Ship Attack: 376 4 1
--- TURN 175 ---
Target: 318 12
Docking: 323 12
Target: 328 12
Ship Attack: 330 373 1
Ship Attack: 332 43 1
Ship Attack: 335 4 1
Ship Attack: 337 364 1
Ship Attack: 338 364 1
Ship Attack: 339 43 1
Ship Attack: 342 43 1
Ship Attack: 345 4 1
Ship Attack: 347 364 1
Ship Attack: 349 364 1
Ship Attack: 350 373 1
Ship Attack: 351 364 1
Ship Attack: 352 43 1
Ship Attack: 355 364 1
Ship Attack: 356 4 1
Ship Attack: 357 364 1
Ship Attack: 359 373 1
Ship Attack: 360 373 1
Ship Attack: 361 364 1
Ship Attack: 362 373 1
Ship Attack: 365 364 1
Ship Attack: 366 363 1
Ship Attack: 367 364 1
Ship Attack: 368 364 1
Ship Attack: 369 373 1
Ship Attack: 370 4 1
Ship Attack: 371 364 1
Ship Attack: 372 373 1
Ship Attack: 375 364 1
Ship Attack: 376 4 1
Ship Attack: 377 364 1
--- TURN 176 ---
Ship Attack: 318 4 1
Ship Attack: 328 4 1
Ship Attack: 332 43 1
Ship Attack: 335 4 1
Ship Attack: 337 364 1
Ship Attack: 339 43 1
Ship Attack: 342 43 1
Ship Attack: 345 4 1
Ship Attack: 347 364 1
Ship Attack: 349 364 1
Ship Attack: 350 373 1
Ship Attack: 351 364 1
Ship Attack: 352 43 1
Ship Attack: 355 364 1
Ship Attack: 356 4 1
Ship Attack: 357 364 1
Ship Attack: 359 373 1
Ship Attack: 360 373 1
Ship Attack: 361 364 1
Ship Attack: 362 43 1
Ship Attack: 365 364 1
Ship Attack: 366 363 1
Ship Attack: 367 364 1
Ship Attack: 368 364 1
Ship Attack: 369 373 1
Ship Attack: 370 4 1
Ship Attack: 371 364 1
Ship Attack: 372 43 1
Ship Attack: 375 364 1
Ship Attack: 376 4 1
Ship Attack: 378 363 1
Ship Attack: 379 373 1
Ship Attack: 380 4 1
Ship Attack: 381 373 1
--- TURN 177 ---
Ship Attack: 318 4 1
Ship Attack: 328 4 1
Ship Attack: 332 43 1
Ship Attack: 335 4 1
Ship Attack: 337 374 1
Ship Attack: 339 43 1
Ship Attack: 342 43 1
Ship Attack: 345 4 1
Ship Attack: 347 374 1
Ship Attack: 349 4 1
Ship Attack: 350 43 1
Ship Attack: 351 374 1
Ship Attack: 352 43 1
Ship Attack: 355 4 1
Ship Attack: 356 4 1
Ship Attack: 357 374 1
Ship Attack: 359 43 1
Ship Attack: 360 43 1
Ship Attack: 362 43 1
Ship Attack: 365 4 1
Ship Attack: 366 363 1
Ship Attack: 368 374 1
Ship Attack: 369 43 1
Ship Attack: 370 4 1
Ship Attack: 371 374 1
Ship Attack: 372 43 1
Ship Attack: 375 4 1
Ship Attack: 376 4 1
Ship Attack: 378 363 1
Ship Attack: 379 43 1
Ship Attack: 380 384 1
Ship Attack: 381 43 1
Ship Attack: 382 363 1
Ship Attack: 383 43 1
Ship Attack: 385 4 1
--- TURN 178 ---
Ship Attack: 318 4 1
Ship Attack: 332 363 1
Ship Attack: 337 374 1
Ship Attack: 339 363 1
Ship Attack: 342 387 1
Ship Attack: 345 4 1
Ship Attack: 347 374 1
Ship Attack: 349 4 1
Ship Attack: 350 387 1
Ship Attack: 351 374 1
Ship Attack: 352 387 1
Ship Attack: 355 4 1
Ship Attack: 356 4 1
Ship Attack: 357 374 1
Ship Attack: 359 387 1
Ship Attack: 362 387 1
Ship Attack: 365 4 1
Ship Attack: 366 363 1
Ship Attack: 368 374 1
Ship Attack: 369 387 1
Ship Attack: 370 4 1
Ship Attack: 371 374 1
Ship Attack: 372 387 1
Ship Attack: 375 4 1
Ship Attack: 376 4 1
Ship Attack: 378 387 1
Ship Attack: 379 387 1
Ship Attack: 380 384 1
Ship Attack: 381 387 1
Ship Attack: 382 363 1
Ship Attack: 383 387 1
Ship Attack: 385 4 1
Ship Attack: 386 363 1
Ship Attack: 388 387 1
--- TURN 179 ---
Ship Attack: 318 7 1
Ship Attack: 337 374 1
Ship Attack: 339 387 1
Ship Attack: 342 387 1
Ship Attack: 345 7 1
Ship Attack: 347 9 1
Ship Attack: 349 7 1
Ship Attack: 350 387 1
Ship Attack: 351 374 1
Ship Attack: 352 387 1
Ship Attack: 355 7 1
Ship Attack: 356 7 1
Ship Attack: 357 9 1
Ship Attack: 359 387 1
Ship Attack: 362 387 1
Ship Attack: 365 7 1
Ship Attack: 366 387 1
Ship Attack: 368 374 1
Ship Attack: 369 387 1
Ship Attack: 370 7 1
Ship Attack: 371 374 1
Ship Attack: 372 387 1
Ship Attack: 375 7 1
Ship Attack: 376 7 1
Ship Attack: 378 387 1
Ship Attack: 379 387 1
Ship Attack: 380 7 1
Ship Attack: 381 387 1
Ship Attack: 382 374 1
Ship Attack: 383 387 1
Ship Attack: 385 7 1
Ship Attack: 386 374 1
Ship Attack: 388 387 1
Ship Attack: 389 387 1
Ship Attack: 390 387 1
Ship Attack: 391 7 1
--- TURN 180 ---
Ship Attack: 318 7 1
Ship Attack: 332 39 1
Ship Attack: 337 374 1
Ship Attack: 339 39 1
Ship Attack: 342 39 1
Ship Attack: 345 7 1
Ship Attack: 347 9 1
Ship Attack: 349 7 1
Ship Attack: 350 39 1
Ship Attack: 352 39 1
Ship Attack: 355 7 1
Ship Attack: 356 7 1
Ship Attack: 357 9 1
Ship Attack: 359 39 1
Ship Attack: 362 39 1
Ship Attack: 365 7 1
Ship Attack: 366 39 1
Ship Attack: 368 374 1
Ship Attack: 369 39 1
Ship Attack: 370 7 1
Ship Attack: 371 374 1
Ship Attack: 372 39 1
Ship Attack: 375 7 1
Ship Attack: 376 7 1
Ship Attack: 378 39 1
Ship Attack: 379 39 1
Ship Attack: 380 7 1
Ship Attack: 381 39 1
Ship Attack: 382 374 1
Ship Attack: 383 39 1
Ship Attack: 385 7 1
Ship Attack: 386 374 1
Ship Attack: 388 7 1
Ship Attack: 389 39 1
Ship Attack: 390 39 1
Ship Attack: 391 7 1
Ship Attack: 392 39 1
Ship Attack: 393 39 1
Ship Attack: 394 7 1
Ship Attack: 395 7 1
--- TURN 181 ---
Ship Attack: 318 397 1
Ship Attack: 332 47 1
Ship Attack: 337 374 1
Ship Attack: 342 47 1
Ship Attack: 345 397 1
Ship Attack: 347 9 1
Ship Attack: 349 7 1
Ship Attack: 350 47 1
Ship Attack: 352 47 1
Ship Attack: 355 397 1
Ship Attack: 357 9 1
Ship Attack: 360 47 1
Ship Attack: 362 47 1
Ship Attack: 365 397 1
Ship Attack: 366 47 1
Ship Attack: 368 374 1
Ship Attack: 369 47 1
Ship Attack: 371 374 1
Ship Attack: 372 47 1
Ship Attack: 375 397 1
Ship Attack: 376 397 1
Ship Attack: 378 47 1
Ship Attack: 379 47 1
Ship Attack: 380 397 1
Ship Attack: 381 47 1
Ship Attack: 382 374 1
Ship Attack: 383 47 1
Ship Attack: 385 397 1
Ship Attack: 386 374 1
Ship Attack: 388 7 1
Ship Attack: 389 374 1
Ship Attack: 390 47 1
Ship Attack: 391 397 1
Ship Attack: 392 47 1
Ship Attack: 393 47 1
Ship Attack: 394 397 1
Ship Attack: 395 397 1
--- TURN 182 ---
Target: 252 6
Attacking Planet: 318 7
Ship Attack: 318 397 1
Target: 332 6
Attacking Planet: 337 7
Ship Attack: 337 374 1
Docking: 339 6
Attacking Planet: 345 7
Ship Attack: 345 397 1
Attacking Planet: 347 7
Ship Attack: 347 384 1
Attacking Planet: 349 7
Ship Attack: 349 384 1
Target: 352 6
Attacking Planet: 355 7
Ship Attack: 355 397 1
Attacking Planet: 357 7
Ship Attack: 357 11 1
Target: 359 6
Ship Attack: 362 374 1
Attacking Planet: 365 7
Ship Attack: 365 397 1
Target: 366 6
Attacking Planet: 368 7
Ship Attack: 368 374 1
Target: 369 6
Attacking Planet: 371 7
Ship Attack: 371 11 1
Ship Attack: 372 374 1
Attacking Planet: 375 7
Ship Attack: 375 397 1
Attacking Planet: 376 7
Ship Attack: 376 397 1
Target: 378 6
Target: 379 6
Attacking Planet: 380 7
Ship Attack: 380 397 1
Attacking Planet: 382 7
Ship Attack: 382 374 1
Ship Attack: 383 374 1
Attacking Planet: 385 7
Ship Attack: 385 397 1
Attacking Planet: 386 7
Ship Attack: 386 374 1
Attacking Planet: 388 7
Ship Attack: 388 397 1
Ship Attack: 389 374 1
Ship Attack: 390 374 1
Attacking Planet: 391 7
Ship Attack: 391 397 1
Ship Attack: 393 374 1
Attacking Planet: 394 7
Ship Attack: 394 397 1
Attacking Planet: 395 7
Ship Attack: 395 397 1
Ship Attack: 396 374 1
Ship Attack: 398 374 1
Ship Attack: 399 374 1
Attacking Planet: 400 7
Ship Attack: 400 397 1
Ship Attack: 401 374 1
--- TURN 183 ---
Target: 252 6
Docking: 332 6
Target: 347 6
Target: 349 6
Target: 352 6
Ship Attack: 355 397 1
Ship Attack: 357 11 1
Ship Attack: 359 11 1
Ship Attack: 362 11 1
Ship Attack: 365 397 1
Ship Attack: 366 11 1
Ship Attack: 369 11 1
Ship Attack: 371 11 1
Ship Attack: 375 397 1
Ship Attack: 376 397 1
Ship Attack: 377 397 1
Ship Attack: 378 11 1
Ship Attack: 379 11 1
Ship Attack: 380 397 1
Ship Attack: 382 11 1
Ship Attack: 383 384 1
Ship Attack: 385 397 1
Ship Attack: 386 384 1
Ship Attack: 388 397 1
Ship Attack: 389 384 1
Ship Attack: 390 11 1
Ship Attack: 391 397 1
Ship Attack: 393 384 1
Ship Attack: 394 397 1
Ship Attack: 395 397 1
Ship Attack: 396 384 1
Ship Attack: 398 397 1
Ship Attack: 399 11 1
Ship Attack: 400 397 1
Ship Attack: 401 11 1
Ship Attack: 404 397 1
--- TURN 184 ---
