--- PRE-GAME ---
width: 240; height: 160; players: 2; planets: 14
--- TURN 1 ---
Target: 3 7
Target: 4 7
Target: 5 7
--- TURN 2 ---
Target: 3 7
Target: 4 7
Target: 5 7
--- TURN 3 ---
Docking: 4 7
--- TURN 4 ---
--- TURN 5 ---
--- TURN 6 ---
--- TURN 7 ---
--- TURN 8 ---
--- TURN 9 ---
--- TURN 10 ---
--- TURN 11 ---
--- TURN 12 ---
--- TURN 13 ---
--- TURN 14 ---
--- TURN 15 ---
--- TURN 16 ---
--- TURN 17 ---
--- TURN 18 ---
--- TURN 19 ---
--- TURN 20 ---
Docking: 7 7
--- TURN 21 ---
--- TURN 22 ---
--- TURN 23 ---
--- TURN 24 ---
--- TURN 25 ---
--- TURN 26 ---
--- TURN 27 ---
--- TURN 28 ---
--- TURN 29 ---
Docking: 9 7
--- TURN 30 ---
--- TURN 31 ---
--- TURN 32 ---
--- TURN 33 ---
--- TURN 34 ---
--- TURN 35 ---
Docking: 11 7
--- TURN 36 ---
--- TURN 37 ---
--- TURN 38 ---
--- TURN 39 ---
Target: 13 12
--- TURN 40 ---
Target: 13 12
--- TURN 41 ---
Target: 13 12
--- TURN 42 ---
Target: 13 12
Target: 15 12
--- TURN 43 ---
Target: 13 12
Target: 15 12
--- TURN 44 ---
Target: 13 12
Target: 15 12
--- TURN 45 ---
Docking: 13 12
Target: 15 12
--- TURN 46 ---
Target: 15 12
--- TURN 47 ---
Target: 15 12
--- TURN 48 ---
Docking: 15 12
Target: 19 12
--- TURN 49 ---
Target: 17 8
Target: 19 3
--- TURN 50 ---
Target: 17 8
Target: 19 3
--- TURN 51 ---
Target: 17 8
Target: 19 3
Target: 21 8
--- TURN 52 ---
Target: 17 8
Target: 19 3
Target: 21 8
--- TURN 53 ---
Target: 17 8
Target: 19 3
Target: 21 8
--- TURN 54 ---
Target: 17 8
Target: 19 3
Target: 21 8
Target: 23 8
--- TURN 55 ---
Target: 17 8
Target: 19 3
Target: 21 8
Target: 23 8
--- TURN 56 ---
Docking: 17 8
Docking: 19 3
Target: 21 8
Target: 23 8
--- TURN 57 ---
Target: 21 8
Target: 23 8
Target: 25 8
--- TURN 58 ---
Docking: 21 8
Target: 23 8
Target: 25 8
Target: 27 3
--- TURN 59 ---
Target: 23 8
Target: 25 8
Target: 27 3
--- TURN 60 ---
Target: 23 8
Target: 25 8
Target: 27 3
Target: 29 8
--- TURN 61 ---
Docking: 23 8
Target: 25 8
Docking: 27 3
Target: 29 8
--- TURN 62 ---
Target: 25 8
Target: 29 8
--- TURN 63 ---
Target: 25 8
Target: 29 8
Target: 31 8
--- TURN 64 ---
Docking: 25 8
Target: 29 8
Target: 31 8
Target: 33 3
--- TURN 65 ---
Target: 29 0
Target: 31 0
Target: 33 3
--- TURN 66 ---
Target: 29 0
Target: 31 0
Target: 33 3
Target: 35 3
--- TURN 67 ---
Target: 29 0
Target: 31 0
Docking: 33 3
Target: 35 3
--- TURN 68 ---
Target: 29 0
Target: 31 0
Target: 35 0
Target: 37 13
--- TURN 69 ---
Target: 29 0
Target: 31 0
Target: 35 0
Target: 37 13
Target: 39 6
--- TURN 70 ---
Target: 29 0
Target: 31 0
Target: 35 0
Target: 37 13
Target: 39 6
Target: 41 2
Target: 43 6
--- TURN 71 ---
Docking: 29 0
Target: 31 0
Target: 35 0
Target: 37 13
Target: 39 0
Docking: 41 2
Target: 43 6
Target: 45 13
--- TURN 72 ---
Docking: 29 0
Docking: 31 0
Target: 35 0
Target: 37 13
Target: 39 0
Docking: 41 2
Target: 43 6
Target: 45 13
Target: 47 0
--- TURN 73 ---
Docking: 29 0
Docking: 31 0
Target: 35 0
Target: 37 13
Target: 39 0
Docking: 41 2
Target: 43 6
Target: 45 13
Target: 47 0
--- TURN 74 ---
Docking: 29 0
Docking: 31 0
Docking: 35 0
Docking: 37 13
Target: 39 0
Docking: 43 6
Target: 45 13
Target: 47 0
Target: 49 13
--- TURN 75 ---
Target: 39 6
Target: 45 13
Target: 47 6
Target: 49 13
Target: 51 6
Target: 53 6
--- TURN 76 ---
Target: 39 6
Target: 45 13
Target: 47 6
Target: 49 13
Target: 51 6
Target: 53 6
Ship Attack: 55 28 1
--- TURN 77 ---
Target: 39 6
Docking: 45 13
Target: 47 6
Target: 49 13
Target: 51 6
Target: 53 6
Target: 55 13
Ship Attack: 57 32 1
--- TURN 78 ---
Target: 39 6
Target: 47 6
Target: 49 6
Target: 51 6
Ship Attack: 53 28 1
Ship Attack: 55 28 1
Ship Attack: 57 54 1
Ship Attack: 59 54 1
--- TURN 79 ---
Target: 39 6
Target: 47 6
Target: 49 6
Target: 51 6
Ship Attack: 53 60 1
Ship Attack: 55 28 1
Ship Attack: 57 54 1
Ship Attack: 59 60 1
Ship Attack: 61 60 1
--- TURN 80 ---
Target: 39 6
Target: 47 6
Target: 49 6
Target: 51 6
Ship Attack: 53 54 1
Ship Attack: 55 28 1
Ship Attack: 57 54 1
Ship Attack: 59 54 1
Ship Attack: 63 54 1
--- TURN 81 ---
Target: 39 6
Target: 47 6
Target: 49 6
Target: 51 6
Ship Attack: 53 54 1
Ship Attack: 55 28 1
Ship Attack: 57 54 1
Ship Attack: 59 54 1
Ship Attack: 63 54 1
--- TURN 82 ---
Target: 39 6
Target: 47 6
Target: 49 6
Target: 51 6
Ship Attack: 53 54 1
Ship Attack: 55 28 1
Ship Attack: 57 54 1
Ship Attack: 59 54 1
Ship Attack: 63 54 1
Ship Attack: 65 54 1
Ship Attack: 67 56 1
--- TURN 83 ---
Docking: 39 6
Target: 47 6
Target: 49 0
Target: 51 6
Target: 53 0
Target: 55 0
Target: 57 6
Target: 59 6
Ship Attack: 63 54 1
Ship Attack: 65 54 1
Ship Attack: 67 56 1
Ship Attack: 69 68 1
Ship Attack: 71 54 1
--- TURN 84 ---
Docking: 47 6
Target: 49 0
Docking: 51 6
Target: 53 0
Target: 55 0
Target: 57 6
Target: 59 6
Target: 63 6
Target: 65 6
Ship Attack: 67 73 1
Ship Attack: 71 54 1
Ship Attack: 72 73 1
Ship Attack: 75 54 1
--- TURN 85 ---
Docking: 49 0
Target: 53 0
Target: 57 0
Target: 59 0
Ship Attack: 63 66 1
Ship Attack: 65 66 1
Ship Attack: 67 48 1
Ship Attack: 71 66 1
Ship Attack: 75 66 1
--- TURN 86 ---
Ship Attack: 53 66 1
Ship Attack: 57 66 1
Ship Attack: 59 66 1
Ship Attack: 63 66 1
Ship Attack: 65 66 1
Ship Attack: 67 48 1
Ship Attack: 71 66 1
Ship Attack: 75 66 1
Ship Attack: 77 66 1
--- TURN 87 ---
Ship Attack: 53 78 1
Ship Attack: 59 78 1
Ship Attack: 63 66 1
Ship Attack: 65 66 1
Ship Attack: 67 62 1
Ship Attack: 71 66 1
Ship Attack: 75 66 1
Ship Attack: 77 66 1
Ship Attack: 79 78 1
Ship Attack: 81 66 1
Ship Attack: 83 50 1
--- TURN 88 ---
Ship Attack: 53 52 1
Ship Attack: 59 52 1
Ship Attack: 63 66 1
Ship Attack: 65 66 1
Ship Attack: 67 62 1
Ship Attack: 71 66 1
Ship Attack: 75 66 1
Ship Attack: 77 66 1
Ship Attack: 81 66 1
Ship Attack: 83 50 1
Ship Attack: 85 62 1
--- TURN 89 ---
Ship Attack: 53 52 1
Ship Attack: 57 52 1
Ship Attack: 63 66 1
Ship Attack: 65 52 1
Ship Attack: 67 62 1
Ship Attack: 71 66 1
Ship Attack: 75 66 1
Ship Attack: 77 66 1
Ship Attack: 81 66 1
Ship Attack: 83 50 1
Ship Attack: 85 70 1
Ship Attack: 87 66 1
--- TURN 90 ---
Ship Attack: 53 52 1
Ship Attack: 57 52 1
Ship Attack: 59 89 1
Ship Attack: 63 84 1
Ship Attack: 65 52 1
Ship Attack: 71 84 1
Ship Attack: 75 52 1
Ship Attack: 77 84 1
Ship Attack: 81 52 1
Ship Attack: 83 93 1
Ship Attack: 85 70 1
Ship Attack: 87 84 1
Ship Attack: 88 52 1
Ship Attack: 91 82 1
--- TURN 91 ---
Ship Attack: 57 56 1
Ship Attack: 59 70 1
Ship Attack: 63 84 1
Ship Attack: 65 56 1
Ship Attack: 71 84 1
Ship Attack: 75 56 1
Ship Attack: 77 84 1
Ship Attack: 81 56 1
Ship Attack: 85 70 1
Ship Attack: 87 84 1
Ship Attack: 88 56 1
Ship Attack: 95 56 1
--- TURN 92 ---
Ship Attack: 59 76 1
Ship Attack: 65 89 1
Ship Attack: 75 89 1
Ship Attack: 77 84 1
Ship Attack: 81 89 1
Ship Attack: 85 76 1
Ship Attack: 87 84 1
Ship Attack: 88 94 1
Ship Attack: 95 89 1
Ship Attack: 97 84 1
--- TURN 93 ---
Ship Attack: 59 48 1
Ship Attack: 65 89 1
Ship Attack: 81 89 1
Ship Attack: 87 58 1
Ship Attack: 88 94 1
Ship Attack: 95 89 1
Ship Attack: 97 58 1
Ship Attack: 99 102 1
Ship Attack: 100 89 1
Ship Attack: 103 101 1
--- TURN 94 ---
Ship Attack: 59 48 1
Ship Attack: 65 105 1
Ship Attack: 75 105 1
Ship Attack: 81 105 1
Ship Attack: 87 58 1
Ship Attack: 92 58 1
Ship Attack: 97 58 1
Ship Attack: 99 102 1
Ship Attack: 100 105 1
Ship Attack: 103 101 1
Ship Attack: 104 64 1
Ship Attack: 107 105 1
--- TURN 95 ---
Ship Attack: 59 48 1
Ship Attack: 65 105 1
Ship Attack: 75 86 1
Ship Attack: 81 105 1
Ship Attack: 87 58 1
Ship Attack: 92 58 1
Ship Attack: 97 58 1
Ship Attack: 100 58 1
Ship Attack: 104 64 1
Ship Attack: 107 86 1
Ship Attack: 109 94 1
Ship Attack: 111 58 1
--- TURN 96 ---
Ship Attack: 59 48 1
Ship Attack: 65 105 1
Ship Attack: 75 86 1
Ship Attack: 81 105 1
Ship Attack: 87 58 1
Ship Attack: 92 58 1
Ship Attack: 97 58 1
Ship Attack: 100 58 1
Ship Attack: 104 64 1
Ship Attack: 107 86 1
Ship Attack: 109 108 1
Ship Attack: 111 58 1
Ship Attack: 113 44 1
Ship Attack: 114 58 1
--- TURN 97 ---
Ship Attack: 59 48 1
Ship Attack: 75 86 1
Ship Attack: 81 105 1
Ship Attack: 87 58 1
Ship Attack: 92 58 1
Ship Attack: 97 58 1
Ship Attack: 100 58 1
Ship Attack: 104 108 1
Ship Attack: 107 86 1
Ship Attack: 109 108 1
Ship Attack: 111 58 1
Ship Attack: 113 44 1
Ship Attack: 114 58 1
--- TURN 98 ---
Ship Attack: 75 86 1
Ship Attack: 81 105 1
Ship Attack: 87 74 1
Ship Attack: 92 74 1
Ship Attack: 97 74 1
Ship Attack: 100 108 1
Ship Attack: 104 108 1
Ship Attack: 107 86 1
Ship Attack: 109 108 1
Ship Attack: 111 74 1
Ship Attack: 113 44 1
Ship Attack: 114 74 1
Ship Attack: 116 108 1
Ship Attack: 119 74 1
--- TURN 99 ---
Ship Attack: 75 96 1
Ship Attack: 81 117 1
Ship Attack: 92 74 1
Ship Attack: 97 74 1
Ship Attack: 100 80 1
Ship Attack: 107 96 1
Ship Attack: 111 106 1
Ship Attack: 113 126 1
Ship Attack: 114 74 1
Ship Attack: 116 80 1
Ship Attack: 119 106 1
Ship Attack: 121 117 1
Ship Attack: 123 126 1
Ship Attack: 124 74 1
Ship Attack: 127 115 1
--- TURN 100 ---
Ship Attack: 75 96 1
Ship Attack: 81 117 1
Ship Attack: 92 74 1
Ship Attack: 97 74 1
Ship Attack: 100 80 1
Ship Attack: 107 96 1
Ship Attack: 111 106 1
Ship Attack: 114 74 1
Ship Attack: 116 80 1
Ship Attack: 119 106 1
Ship Attack: 121 117 1
Ship Attack: 123 44 1
Ship Attack: 124 74 1
Ship Attack: 129 96 1
--- TURN 101 ---
Ship Attack: 81 117 1
Ship Attack: 92 74 1
Ship Attack: 100 80 1
Ship Attack: 107 110 1
Ship Attack: 111 106 1
Ship Attack: 114 74 1
Ship Attack: 116 80 1
Ship Attack: 119 106 1
Ship Attack: 121 117 1
Ship Attack: 123 44 1
Ship Attack: 124 74 1
Ship Attack: 129 110 1
Ship Attack: 131 106 1
--- TURN 102 ---
Ship Attack: 81 133 1
Ship Attack: 92 74 1
Ship Attack: 100 80 1
Ship Attack: 107 110 1
Ship Attack: 111 106 1
Ship Attack: 114 74 1
Ship Attack: 119 106 1
Ship Attack: 121 133 1
Ship Attack: 123 44 1
Ship Attack: 124 74 1
Ship Attack: 129 110 1
Ship Attack: 131 106 1
Ship Attack: 132 80 1
Ship Attack: 135 44 1
Ship Attack: 136 74 1
--- TURN 103 ---
Ship Attack: 81 133 1
Ship Attack: 92 106 1
Ship Attack: 100 80 1
Ship Attack: 107 118 1
Ship Attack: 114 106 1
Ship Attack: 119 106 1
Ship Attack: 121 133 1
Ship Attack: 123 44 1
Ship Attack: 124 106 1
Ship Attack: 129 118 1
Ship Attack: 131 106 1
Ship Attack: 132 80 1
Ship Attack: 135 44 1
Ship Attack: 136 106 1
Ship Attack: 139 133 1
--- TURN 104 ---
Ship Attack: 92 128 1
Ship Attack: 100 138 1
Ship Attack: 114 138 1
Ship Attack: 119 128 1
Ship Attack: 123 44 1
Ship Attack: 124 138 1
Ship Attack: 129 118 1
Ship Attack: 131 128 1
Ship Attack: 135 44 1
Ship Attack: 136 138 1
Ship Attack: 139 98 1
Ship Attack: 141 125 1
--- TURN 105 ---
Ship Attack: 92 138 1
Ship Attack: 100 138 1
Ship Attack: 114 138 1
Ship Attack: 123 44 1
Ship Attack: 124 138 1
Ship Attack: 131 138 1
Ship Attack: 135 146 1
Ship Attack: 136 138 1
Ship Attack: 139 98 1
Ship Attack: 141 125 1
Ship Attack: 143 146 1
Ship Attack: 144 138 1
Ship Attack: 147 125 1
--- TURN 106 ---
Ship Attack: 92 32 1
Ship Attack: 100 98 1
Ship Attack: 114 149 1
Ship Attack: 123 146 1
Ship Attack: 124 149 1
Ship Attack: 131 32 1
Ship Attack: 135 146 1
Ship Attack: 136 149 1
Ship Attack: 141 125 1
Ship Attack: 143 146 1
Ship Attack: 144 149 1
Ship Attack: 147 125 1
Ship Attack: 148 112 1
Ship Attack: 151 90 1
--- TURN 107 ---
Ship Attack: 92 32 1
Ship Attack: 123 146 1
Ship Attack: 124 90 1
Ship Attack: 131 152 1
Ship Attack: 135 146 1
Ship Attack: 136 90 1
Ship Attack: 141 125 1
Ship Attack: 143 146 1
Ship Attack: 144 90 1
Ship Attack: 147 137 1
Ship Attack: 151 90 1
Ship Attack: 153 152 1
Ship Attack: 155 125 1
--- TURN 108 ---
Ship Attack: 92 32 1
Ship Attack: 123 44 1
Ship Attack: 124 90 1
Ship Attack: 135 44 1
Ship Attack: 136 90 1
Ship Attack: 141 125 1
Ship Attack: 143 44 1
Ship Attack: 144 90 1
Ship Attack: 151 90 1
Ship Attack: 155 125 1
Ship Attack: 157 44 1
--- TURN 109 ---
Target: 92 13
Target: 123 13
Ship Attack: 124 90 1
Ship Attack: 135 36 1
Ship Attack: 136 90 1
Ship Attack: 141 125 1
Ship Attack: 143 36 1
Ship Attack: 144 90 1
Ship Attack: 151 90 1
Ship Attack: 155 125 1
Ship Attack: 157 140 1
--- TURN 110 ---
Target: 131 13
Target: 135 13
Ship Attack: 136 161 1
Ship Attack: 141 137 1
Ship Attack: 143 36 1
Ship Attack: 144 161 1
Ship Attack: 151 161 1
Ship Attack: 155 137 1
Ship Attack: 157 140 1
Ship Attack: 160 161 1
Ship Attack: 163 137 1
--- TURN 111 ---
Attacking Planet: 124 2
Ship Attack: 124 164 1
Attacking Planet: 131 1
Ship Attack: 131 150 1
Target: 135 11
Attacking Planet: 136 2
Ship Attack: 136 164 1
Target: 141 13
Docking: 143 11
Attacking Planet: 144 2
Ship Attack: 144 164 1
Attacking Planet: 151 2
Ship Attack: 151 164 1
Target: 155 13
Target: 157 11
Attacking Planet: 158 2
Ship Attack: 158 164 1
Attacking Planet: 163 2
Ship Attack: 163 137 1
Attacking Planet: 165 2
Ship Attack: 165 164 1
Attacking Planet: 167 1
Ship Attack: 167 140 1
Attacking Planet: 168 2
Ship Attack: 168 164 1
--- TURN 112 ---
Target: 131 11
Target: 141 11
Ship Attack: 144 130 1
Ship Attack: 151 130 1
Ship Attack: 155 159 1
Ship Attack: 157 140 1
Ship Attack: 158 150 1
Ship Attack: 163 159 1
Ship Attack: 167 140 1
Ship Attack: 168 150 1
Ship Attack: 171 130 1
--- TURN 113 ---
Target: 131 11
Target: 144 11
Ship Attack: 151 130 1
Ship Attack: 158 150 1
Ship Attack: 163 159 1
Ship Attack: 167 154 1
Ship Attack: 168 150 1
Ship Attack: 171 130 1
Ship Attack: 173 159 1
--- TURN 114 ---
Target: 131 11
Target: 144 11
Ship Attack: 151 48 1
Ship Attack: 158 150 1
Ship Attack: 163 159 1
Ship Attack: 167 154 1
Ship Attack: 168 150 1
Ship Attack: 171 175 1
Ship Attack: 173 159 1
Ship Attack: 174 175 1
Ship Attack: 177 154 1
Ship Attack: 178 150 1
--- TURN 115 ---
Target: 131 0
Target: 144 0
Target: 151 0
Target: 158 11
Target: 168 11
Ship Attack: 171 134 1
Ship Attack: 173 169 1
Ship Attack: 177 162 1
Ship Attack: 178 150 1
Ship Attack: 181 134 1
--- TURN 116 ---
Docking: 131 0
Target: 144 0
Target: 158 0
Target: 168 0
Target: 171 11
Target: 173 11
Ship Attack: 177 162 1
Ship Attack: 178 150 1
Ship Attack: 181 180 1
Ship Attack: 183 169 1
--- TURN 117 ---
Target: 144 11
Target: 151 11
Ship Attack: 158 150 1
Ship Attack: 168 150 1
Ship Attack: 171 134 1
Ship Attack: 173 169 1
Ship Attack: 177 162 1
Ship Attack: 178 150 1
Ship Attack: 183 169 1
Ship Attack: 185 162 1
Ship Attack: 186 150 1
--- TURN 118 ---
Target: 144 11
Target: 151 11
Ship Attack: 158 150 1
Ship Attack: 168 150 1
Ship Attack: 171 142 1
Ship Attack: 178 150 1
Ship Attack: 183 179 1
Ship Attack: 185 172 1
Ship Attack: 186 150 1
Ship Attack: 189 142 1
--- TURN 119 ---
Target: 144 11
Target: 151 11
Ship Attack: 158 150 1
Ship Attack: 168 150 1
Ship Attack: 178 150 1
Ship Attack: 183 179 1
Ship Attack: 185 172 1
Ship Attack: 186 150 1
Ship Attack: 189 190 1
Ship Attack: 191 190 1
Ship Attack: 193 179 1
--- TURN 120 ---
Target: 144 11
Target: 151 11
Target: 158 0
Target: 168 0
Target: 178 0
Ship Attack: 185 172 1
Ship Attack: 186 150 1
Ship Attack: 189 195 1
Ship Attack: 193 150 1
Ship Attack: 194 180 1
Ship Attack: 197 172 1
Ship Attack: 198 150 1
--- TURN 121 ---
Target: 144 11
Target: 151 11
Docking: 158 0
Target: 168 0
Target: 178 0
Target: 186 0
Ship Attack: 189 195 1
Ship Attack: 193 187 1
Ship Attack: 194 180 1
Ship Attack: 197 182 1
Ship Attack: 198 150 1
--- TURN 122 ---
Target: 144 11
Target: 151 11
Docking: 168 0
Docking: 178 0
Target: 186 0
Target: 189 0
Target: 193 0
Ship Attack: 197 182 1
Ship Attack: 198 150 1
Ship Attack: 201 187 1
--- TURN 123 ---
Target: 144 11
Target: 151 11
Ship Attack: 178 150 1
Ship Attack: 186 150 1
Ship Attack: 193 187 1
Ship Attack: 197 182 1
Ship Attack: 198 150 1
Ship Attack: 201 187 1
Ship Attack: 203 180 1
Ship Attack: 205 182 1
Ship Attack: 206 150 1
--- TURN 124 ---
Docking: 144 11
Target: 151 11
Target: 186 11
Ship Attack: 197 156 1
Ship Attack: 198 150 1
Ship Attack: 201 199 1
Ship Attack: 203 180 1
Ship Attack: 205 182 1
Ship Attack: 206 150 1
Ship Attack: 210 180 1
--- TURN 125 ---
Ship Attack: 151 182 1
Ship Attack: 186 150 1
Ship Attack: 197 156 1
Ship Attack: 198 150 1
Ship Attack: 201 199 1
Ship Attack: 203 208 1
Ship Attack: 205 182 1
Ship Attack: 206 150 1
Ship Attack: 210 208 1
Ship Attack: 212 199 1
--- TURN 126 ---
Target: 151 0
Target: 186 0
Target: 198 0
Ship Attack: 205 182 1
Ship Attack: 206 188 1
Ship Attack: 212 217 1
Ship Attack: 214 182 1
Ship Attack: 215 188 1
--- TURN 127 ---
Docking: 186 0
Target: 198 0
Target: 205 0
Target: 206 0
Ship Attack: 210 218 1
Ship Attack: 212 217 1
Ship Attack: 214 192 1
Ship Attack: 215 188 1
Ship Attack: 219 218 1
--- TURN 128 ---
Ship Attack: 198 150 1
Ship Attack: 206 188 1
Ship Attack: 210 166 1
Ship Attack: 212 217 1
Ship Attack: 214 176 1
Ship Attack: 215 188 1
Ship Attack: 220 166 1
Ship Attack: 223 217 1
Ship Attack: 224 156 1
--- TURN 129 ---
Target: 198 0
Target: 206 0
Target: 210 0
Ship Attack: 212 217 1
Ship Attack: 214 184 1
Ship Attack: 215 188 1
Ship Attack: 223 217 1
Ship Attack: 224 156 1
Ship Attack: 226 200 1
Ship Attack: 227 188 1
--- TURN 130 ---
Target: 206 0
Target: 210 0
Target: 214 0
Ship Attack: 215 188 1
Ship Attack: 223 207 1
Ship Attack: 224 211 1
Ship Attack: 226 200 1
Ship Attack: 227 188 1
Ship Attack: 230 221 1
--- TURN 131 ---
Docking: 206 0
Docking: 210 0
Target: 215 0
Target: 226 0
Target: 227 0
Ship Attack: 230 221 1
Ship Attack: 232 221 1
Ship Attack: 234 217 1
--- TURN 132 ---
Target: 215 0
Target: 226 0
Target: 227 0
Ship Attack: 230 221 1
Ship Attack: 232 221 1
Ship Attack: 234 217 1
Ship Attack: 237 184 1
Ship Attack: 238 150 1
--- TURN 133 ---
Target: 215 0
Target: 226 11
Target: 227 0
Target: 234 0
Target: 237 11
Ship Attack: 238 150 1
--- TURN 134 ---
Docking: 215 0
Target: 226 11
Target: 227 0
Attacking Planet: 230 2
Ship Attack: 230 221 1
Attacking Planet: 234 13
Ship Attack: 234 216 1
Target: 237 11
Target: 238 0
Attacking Planet: 242 13
Ship Attack: 242 216 1
--- TURN 135 ---
Docking: 215 0
Target: 227 0
Attacking Planet: 230 2
Ship Attack: 230 231 1
Target: 237 11
Target: 238 0
Attacking Planet: 242 13
Ship Attack: 242 216 1
Attacking Planet: 244 2
Ship Attack: 244 231 1
Target: 246 11
Target: 247 0
--- TURN 136 ---
Target: 227 0
Attacking Planet: 230 2
Ship Attack: 230 243 1
Target: 238 0
Attacking Planet: 242 13
Ship Attack: 242 216 1
Target: 244 0
Target: 246 11
Target: 247 11
Attacking Planet: 251 2
Ship Attack: 251 221 1
--- TURN 137 ---
Target: 227 11
Target: 230 11
Ship Attack: 238 221 1
Ship Attack: 246 211 1
Ship Attack: 247 221 1
Ship Attack: 251 221 1
Ship Attack: 253 240 1
Ship Attack: 254 233 1
--- TURN 138 ---
Target: 227 11
Target: 238 11
Ship Attack: 247 221 1
Ship Attack: 251 221 1
Ship Attack: 254 233 1
Ship Attack: 256 200 1
Ship Attack: 257 228 1
--- TURN 139 ---
Target: 227 11
Target: 238 11
Ship Attack: 247 221 1
Ship Attack: 251 249 1
Ship Attack: 254 233 1
Ship Attack: 256 211 1
Ship Attack: 257 228 1
Ship Attack: 261 249 1
--- TURN 140 ---
Target: 227 11
Target: 238 11
Ship Attack: 247 221 1
Ship Attack: 251 262 1
Ship Attack: 257 228 1
Ship Attack: 264 228 1
--- TURN 141 ---
Target: 227 11
Target: 238 11
Ship Attack: 247 221 1
Ship Attack: 257 228 1
Ship Attack: 264 228 1
Ship Attack: 266 200 1
Ship Attack: 267 228 1
--- TURN 142 ---
Target: 227 11
Target: 238 11
Ship Attack: 247 221 1
Ship Attack: 257 228 1
Ship Attack: 264 239 1
Ship Attack: 266 252 1
Ship Attack: 267 228 1
Ship Attack: 270 221 1
--- TURN 143 ---
Target: 227 3
Target: 238 3
Target: 247 3
Target: 257 11
Target: 264 11
Ship Attack: 266 252 1
Ship Attack: 267 228 1
Ship Attack: 270 229 1
Ship Attack: 272 204 1
Ship Attack: 274 239 1
--- TURN 144 ---
Target: 227 3
Target: 238 3
Target: 257 3
Target: 264 11
Target: 266 11
Ship Attack: 267 228 1
Ship Attack: 270 249 1
Ship Attack: 272 271 1
Ship Attack: 274 259 1
Ship Attack: 277 252 1
Ship Attack: 278 228 1
--- TURN 145 ---
Docking: 227 3
Docking: 238 3
Target: 257 3
Target: 264 3
Target: 266 11
Target: 267 3
Target: 274 11
Ship Attack: 277 252 1
Ship Attack: 278 228 1
--- TURN 146 ---
Target: 238 11
Target: 257 11
Ship Attack: 264 239 1
Ship Attack: 266 252 1
Ship Attack: 267 228 1
Ship Attack: 277 252 1
Ship Attack: 278 228 1
Ship Attack: 283 259 1
--- TURN 147 ---
Target: 238 11
Target: 257 11
Ship Attack: 264 239 1
Ship Attack: 266 252 1
Ship Attack: 267 228 1
Ship Attack: 277 252 1
Ship Attack: 278 228 1
Ship Attack: 286 252 1
Ship Attack: 287 228 1
--- TURN 148 ---
Attacking Planet: 238 2
Ship Attack: 238 250 1
Attacking Planet: 257 0
Ship Attack: 257 225 1
Docking: 266 11
Target: 267 8
Docking: 277 11
Target: 278 8
Target: 286 11
Target: 287 8
Attacking Planet: 291 2
Ship Attack: 291 250 1
--- TURN 149 ---
Target: 238 3
Docking: 266 11
Docking: 267 8
Docking: 277 11
Target: 278 8
Target: 286 11
Target: 287 8
Target: 291 3
Docking: 292 3
--- TURN 150 ---
Docking: 238 3
Docking: 266 11
Docking: 277 11
Attacking Planet: 278 0
Ship Attack: 278 248 1
Target: 286 11
Attacking Planet: 287 0
Ship Attack: 287 248 1
Target: 291 3
Target: 296 11
Target: 297 3
Attacking Planet: 298 13
Ship Attack: 298 259 1
--- TURN 151 ---
Target: 278 8
Docking: 286 11
Target: 287 8
Target: 296 11
Target: 297 3
Docking: 298 8
--- TURN 152 ---
Docking: 278 8
Docking: 286 11
Target: 287 8
Target: 296 11
Target: 297 3
--- TURN 153 ---
Target: 287 8
Target: 296 11
Target: 297 3
Target: 305 11
Target: 306 8
--- TURN 154 ---
Docking: 287 8
Target: 296 3
Target: 297 3
Target: 305 3
Target: 306 8
Target: 310 8
--- TURN 155 ---
Attacking Planet: 296 11
Ship Attack: 296 293 1
Target: 297 3
Attacking Planet: 305 11
Ship Attack: 305 293 1
Target: 306 8
Target: 310 3
--- TURN 156 ---
Target: 297 8
Target: 305 8
Target: 306 8
Target: 310 8
Ship Attack: 315 282 1
Ship Attack: 316 290 1
--- TURN 157 ---
Target: 297 8
Target: 305 8
Target: 306 8
Target: 310 8
Ship Attack: 315 282 1
Ship Attack: 316 290 1
--- TURN 158 ---
Target: 297 8
Target: 305 8
Target: 306 8
Target: 316 8
Ship Attack: 321 288 1
--- TURN 159 ---
Target: 297 8
Target: 305 8
Target: 306 8
Target: 316 8
Ship Attack: 321 288 1
Ship Attack: 324 303 1
Ship Attack: 325 290 1
--- TURN 160 ---
Target: 297 8
Target: 305 8
Docking: 306 8
Target: 316 8
Target: 324 8
Ship Attack: 325 290 1
Ship Attack: 329 294 1
--- TURN 161 ---
Target: 297 8
Target: 305 8
Target: 316 8
Target: 324 8
Ship Attack: 325 290 1
Ship Attack: 329 294 1
--- TURN 162 ---
Target: 297 8
Target: 316 8
Target: 324 8
Target: 325 8
Ship Attack: 329 294 1
Ship Attack: 333 303 1
Ship Attack: 334 302 1
--- TURN 163 ---
Target: 297 8
Target: 316 8
Attacking Planet: 324 3
Ship Attack: 324 269 1
Target: 325 8
Attacking Planet: 329 3
Ship Attack: 329 319 1
Attacking Planet: 333 11
Ship Attack: 333 303 1
Target: 334 8
--- TURN 164 ---
Ship Attack: 297 258 1
Ship Attack: 316 258 1
Ship Attack: 325 308 1
Ship Attack: 329 319 1
Ship Attack: 333 303 1
Ship Attack: 334 308 1
--- TURN 165 ---
Ship Attack: 297 290 1
Ship Attack: 316 258 1
Ship Attack: 325 285 1
Ship Attack: 329 319 1
Ship Attack: 333 312 1
Ship Attack: 334 258 1
Ship Attack: 343 312 1
Ship Attack: 344 300 1
--- TURN 166 ---
Ship Attack: 316 258 1
Ship Attack: 325 311 1
Ship Attack: 334 311 1
Ship Attack: 343 303 1
Ship Attack: 344 311 1
Ship Attack: 348 327 1
--- TURN 167 ---
Ship Attack: 316 258 1
Ship Attack: 325 311 1
Ship Attack: 334 311 1
Ship Attack: 343 303 1
Ship Attack: 344 311 1
--- TURN 168 ---
Ship Attack: 316 318 1
Ship Attack: 334 311 1
Ship Attack: 344 311 1
Ship Attack: 353 340 1
Ship Attack: 354 331 1
--- TURN 169 ---
Target: 316 12
Target: 334 12
Ship Attack: 344 336 1
Ship Attack: 354 319 1
--- TURN 170 ---
Target: 334 12
Target: 344 12
Ship Attack: 354 319 1
--- TURN 171 ---
Attacking Planet: 334 0
Ship Attack: 334 328 1
Attacking Planet: 344 8
Ship Attack: 344 336 1
Target: 354 12
Target: 363 12
Ship Attack: 364 319 1
--- TURN 172 ---
Target: 354 12
Target: 363 12
Ship Attack: 364 338 1
--- TURN 173 ---
Ship Attack: 363 330 1
Ship Attack: 364 338 1
--- TURN 174 ---
Target: 363 6
Target: 364 6
Docking: 373 6
Target: 374 6
--- TURN 175 ---
Ship Attack: 364 338 1
--- TURN 176 ---
Ship Attack: 364 351 1
Ship Attack: 374 328 1
--- TURN 177 ---
Target: 363 6
Target: 374 6
--- TURN 178 ---
Docking: 363 6
Target: 374 6
Target: 384 6
Docking: 387 6
--- TURN 179 ---
Target: 374 7
Docking: 384 7
--- TURN 180 ---
Target: 374 6
--- TURN 181 ---
Target: 374 6
--- TURN 182 ---
Attacking Planet: 374 12
Ship Attack: 374 368 1
Docking: 397 7
--- TURN 183 ---
--- TURN 184 ---
